#
# A fatal error has been detected by the Java Runtime Environment:
#
#  SIGSEGV (0xb) at pc=0x00007fc17c5245d6, pid=28315, tid=28379
#
# JRE version: Java(TM) SE Runtime Environment (12.0.2+10) (build 12.0.2+10)
# Java VM: Java HotSpot(TM) 64-Bit Server VM (12.0.2+10, mixed mode, sharing, tiered, compressed oops, g1 gc, linux-amd64)
# Problematic frame:
# V  [libjvm.so+0x3e55d6]  Chunk::next_chop()+0x76
#
# Core dump will be written. Default location: Core dumps may be processed with "/usr/share/apport/apport %p %s %c %d %P" (or dumping to /home/okankgz/Desktop/mainTest/core.28315)
#
# If you would like to submit a bug report, please visit:
#   http://bugreport.java.com/bugreport/crash.jsp
#

---------------  S U M M A R Y ------------

Command Line: -XX:TieredStopAtLevel=1 -Xverify:none -Dspring.output.ansi.enabled=always -Dcom.sun.management.jmxremote -Dspring.jmx.enabled=true -Dspring.liveBeansView.mbeanDomain -Dspring.application.admin.enabled=true -javaagent:/snap/intellij-idea-ultimate/148/lib/idea_rt.jar=44871:/snap/intellij-idea-ultimate/148/bin -Dfile.encoding=UTF-8 com.deneme.mainTest.MainTestApplication

Host: Intel(R) Core(TM) i7-4720HQ CPU @ 2.60GHz, 8 cores, 15G, Ubuntu 18.04.2 LTS
Time: Sun Jul 28 11:17:41 2019 +03 elapsed time: 33760 seconds (0d 9h 22m 40s)

---------------  T H R E A D  ---------------

Current thread (0x00007fc174cf7800):  JavaThread "http-nio-8080-BlockPoller" daemon [_thread_in_vm, id=28379, stack(0x00007fc1060ed000,0x00007fc1061ee000)]

Stack: [0x00007fc1060ed000,0x00007fc1061ee000],  sp=0x00007fc1061e8060,  free space=1004k
Native frames: (J=compiled Java code, A=aot compiled Java code, j=interpreted, Vv=VM code, C=native code)
V  [libjvm.so+0x3e55d6]  Chunk::next_chop()+0x76
V  [libjvm.so+0xbe335c]  OopMapSet::update_register_map(frame const*, RegisterMap*)+0x18c
V  [libjvm.so+0x724dde]  frame::sender(RegisterMap*) const+0x9e
V  [libjvm.so+0xcd8346]  SharedRuntime::find_callee_info_helper(JavaThread*, vframeStream&, Bytecodes::Code&, CallInfo&, Thread*)+0x326
V  [libjvm.so+0xcd9ff3]  SharedRuntime::resolve_sub_helper(JavaThread*, bool, bool, Thread*)+0x3f3
V  [libjvm.so+0xcda6b3]  SharedRuntime::resolve_helper(JavaThread*, bool, bool, Thread*)+0x43
V  [libjvm.so+0xcdadf4]  SharedRuntime::resolve_opt_virtual_call_C(JavaThread*)+0x44
v  ~RuntimeStub::resolve_opt_virtual_call
J 3667 c1 sun.nio.ch.EPollSelectorImpl.doSelect(Ljava/util/function/Consumer;J)I java.base@12.0.2 (208 bytes) @ 0x00007fc15d8d9214 [0x00007fc15d8d9040+0x00000000000001d4]
J 3666 c1 sun.nio.ch.SelectorImpl.lockAndDoSelect(Ljava/util/function/Consumer;J)I java.base@12.0.2 (87 bytes) @ 0x00007fc15d8d85cc [0x00007fc15d8d8320+0x00000000000002ac]
J 3672 c1 sun.nio.ch.SelectorImpl.select(J)I java.base@12.0.2 (35 bytes) @ 0x00007fc15d8d9f14 [0x00007fc15d8d9e60+0x00000000000000b4]
j  org.apache.tomcat.util.net.NioBlockingSelector$BlockPoller.run()V+52
v  ~StubRoutines::call_stub
V  [libjvm.so+0x86ec99]  JavaCalls::call_helper(JavaValue*, methodHandle const&, JavaCallArguments*, Thread*)+0x3c9
V  [libjvm.so+0x86cc2d]  JavaCalls::call_virtual(JavaValue*, Handle, Klass*, Symbol*, Symbol*, Thread*)+0x1ed
V  [libjvm.so+0x91a29c]  thread_entry(JavaThread*, Thread*)+0x6c
V  [libjvm.so+0xdd3d0f]  JavaThread::thread_main_inner()+0x22f
V  [libjvm.so+0xdd0b8f]  Thread::call_run()+0x16f
V  [libjvm.so+0xbfdc6e]  thread_native_entry(Thread*)+0xee

Java frames: (J=compiled Java code, j=interpreted, Vv=VM code)
v  ~RuntimeStub::resolve_opt_virtual_call

[error occurred during error reporting (printing Java stack), id 0xb, SIGSEGV (0xb) at pc=0x00007fc17c5245d6]


siginfo: si_signo: 11 (SIGSEGV), si_code: 128 (SI_KERNEL), si_addr: 0x0000000000000000

Register to memory mapping:

RAX=0x000000000000003d is an unknown value
RBX=0xaeb5bfd8aeb5bfd8 is an unknown value
RCX=0x0000000000000021 is an unknown value
RDX=0x000000000000003e is an unknown value
RSP=0x00007fc1061e8060 is pointing into the stack for thread: 0x00007fc174cf7800
RBP=0x00007fc1061e80a0 is pointing into the stack for thread: 0x00007fc174cf7800
RSI=0x00000000000003d8 is an unknown value
RDI=0x00007fc12c50a340 points into unknown readable memory: d8 bf b5 ae d8 bf b5 ae
R8 =0x0000000000000001 is an unknown value
R9 =0x00007fc12c50a350 points into unknown readable memory: c4 cd 1f 74 c1 7f 00 00
R10=0x0000000000001000 is an unknown value
R11=0x00007fc1741fcea0 points into unknown readable memory: e1 01 00 00 00 00 00 00
R12=0x00007fc1061e806f is pointing into the stack for thread: 0x00007fc174cf7800
R13=0x00007fc1061e8210 is pointing into the stack for thread: 0x00007fc174cf7800
R14=0x00007fc12c50a340 points into unknown readable memory: d8 bf b5 ae d8 bf b5 ae
R15=0x00007fc1061e8270 is pointing into the stack for thread: 0x00007fc174cf7800


Registers:
RAX=0x000000000000003d, RBX=0xaeb5bfd8aeb5bfd8, RCX=0x0000000000000021, RDX=0x000000000000003e
RSP=0x00007fc1061e8060, RBP=0x00007fc1061e80a0, RSI=0x00000000000003d8, RDI=0x00007fc12c50a340
R8 =0x0000000000000001, R9 =0x00007fc12c50a350, R10=0x0000000000001000, R11=0x00007fc1741fcea0
R12=0x00007fc1061e806f, R13=0x00007fc1061e8210, R14=0x00007fc12c50a340, R15=0x00007fc1061e8270
RIP=0x00007fc17c5245d6, EFLAGS=0x0000000000010286, CSGSFS=0x002b000000000033, ERR=0x0000000000000000
  TRAPNO=0x000000000000000d

Top of Stack: (sp=0x00007fc1061e8060)
0x00007fc1061e8060:   00007fc15d8d9038 00007fc15d8d8e10
0x00007fc1061e8070:   00007fc15d8d920f 00007fc12c50a340
0x00007fc1061e8080:   00007fc174cf65a0 00007fc1061e8210
0x00007fc1061e8090:   0000000000000001 00007fc1061e8270 

Instructions: (pc=0x00007fc17c5245d6)
0x00007fc17c5244d6:   0e 9f 00 4d 85 ed 74 40 48 8b 43 08 4c 8b 2b 48
0x00007fc17c5244e6:   3d d8 03 00 00 74 53 77 a9 48 3d d8 00 00 00 4c
0x00007fc17c5244f6:   8b 35 74 e5 07 01 74 b5 4c 89 e7 e8 4a 0e 9f 00
0x00007fc17c524506:   48 89 df 4c 89 eb e8 6f 75 80 00 4c 89 e7 e8 b7
0x00007fc17c524516:   0e 9f 00 4d 85 ed 75 c0 48 83 c4 10 5b 41 5c 41
0x00007fc17c524526:   5d 41 5e 5d c3 0f 1f 44 00 00 4c 8b 35 49 e5 07
0x00007fc17c524536:   01 e9 77 ff ff ff 0f 1f 40 00 4c 8b 35 31 e5 07
0x00007fc17c524546:   01 e9 67 ff ff ff 0f 1f 40 00 f3 c3 0f 1f 40 00
0x00007fc17c524556:   66 2e 0f 1f 84 00 00 00 00 00 55 48 89 e5 41 57
0x00007fc17c524566:   41 56 41 55 41 54 49 89 fe 53 48 83 ec 18 48 8b
0x00007fc17c524576:   1f 48 85 db 0f 84 96 00 00 00 4c 8d 65 cf eb 50
0x00007fc17c524586:   66 2e 0f 1f 84 00 00 00 00 00 48 3d d8 27 00 00
0x00007fc17c524596:   0f 84 94 00 00 00 48 3d d8 7f 00 00 75 52 4c 8b
0x00007fc17c5245a6:   3d dd e4 07 01 4c 89 e7 e8 9d 0d 9f 00 49 8b 07
0x00007fc17c5245b6:   49 83 6f 10 01 4c 89 e7 48 89 03 49 83 47 08 01
0x00007fc17c5245c6:   49 89 1f 4c 89 eb e8 ff 0d 9f 00 4d 85 ed 74 40
0x00007fc17c5245d6:   48 8b 43 08 4c 8b 2b 48 3d d8 03 00 00 74 5b 77
0x00007fc17c5245e6:   a9 48 3d d8 00 00 00 4c 8b 3d 7c e4 07 01 74 b5
0x00007fc17c5245f6:   4c 89 e7 e8 52 0d 9f 00 48 89 df 4c 89 eb e8 77
0x00007fc17c524606:   74 80 00 4c 89 e7 e8 bf 0d 9f 00 4d 85 ed 75 c0
0x00007fc17c524616:   49 c7 06 00 00 00 00 48 83 c4 18 5b 41 5c 41 5d
0x00007fc17c524626:   41 5e 41 5f 5d c3 0f 1f 40 00 4c 8b 3d 49 e4 07
0x00007fc17c524636:   01 e9 6f ff ff ff 0f 1f 40 00 4c 8b 3d 31 e4 07
0x00007fc17c524646:   01 e9 5f ff ff ff 0f 1f 40 00 55 31 d2 be 07 00
0x00007fc17c524656:   00 00 bf 10 00 00 00 48 89 e5 53 31 db 48 83 ec
0x00007fc17c524666:   08 e8 44 04 ff ff 48 85 c0 74 1a 48 89 c7 be 88
0x00007fc17c524676:   13 00 00 48 89 c3 e8 3f 69 9a 00 48 8d 05 f8 ee
0x00007fc17c524686:   f7 00 48 89 03 48 83 c4 08 48 89 df 5b 5d e9 57
0x00007fc17c524696:   6b 9a 00 90 66 0f 1f 44 00 00 55 48 89 e5 41 57
0x00007fc17c5246a6:   41 56 41 55 41 54 41 89 f6 53 48 8d 5a 07 49 89
0x00007fc17c5246b6:   fc 48 83 e3 f8 48 83 ec 48 89 37 48 81 fb d8 03
0x00007fc17c5246c6:   00 00 48 c7 47 28 00 00 00 00 0f 84 4a 02 00 00 


Stack slot to memory mapping:
stack at sp + 0 slots: 0x00007fc15d8d9038 is at entry_point+-8 in (nmethod*)0x00007fc15d8d8e10

[error occurred during error reporting (inspecting top of stack), id 0xb, SIGSEGV (0xb) at pc=0x00007fc17c5245d6]


---------------  P R O C E S S  ---------------

Threads class SMR info:
_java_thread_list=0x00007fc09c002950, length=29, elements={
0x00007fc174218800, 0x00007fc17421a800, 0x00007fc174220800, 0x00007fc174222800,
0x00007fc174224800, 0x00007fc17424b000, 0x00007fc174421800, 0x00007fc174422800,
0x00007fc1744d7000, 0x00007fc128001000, 0x00007fc0f4021800, 0x00007fc174b3f000,
0x00007fc0e0005000, 0x00007fc174b42000, 0x00007fc174b4f000, 0x00007fc174cf7800,
0x00007fc174cf9000, 0x00007fc174cfa800, 0x00007fc174cfc800, 0x00007fc174cfe800,
0x00007fc174d00800, 0x00007fc174d02800, 0x00007fc174d04800, 0x00007fc174d06800,
0x00007fc174d08800, 0x00007fc174d0a800, 0x00007fc174d11000, 0x00007fc174d14000,
0x00007fc174014800
}

Java Threads: ( => current thread )
  0x00007fc174218800 JavaThread "Reference Handler" daemon [_thread_blocked, id=28329, stack(0x00007fc1541e1000,0x00007fc1542e2000)]
  0x00007fc17421a800 JavaThread "Finalizer" daemon [_thread_blocked, id=28331, stack(0x00007fc1540e0000,0x00007fc1541e1000)]
  0x00007fc174220800 JavaThread "Signal Dispatcher" daemon [_thread_blocked, id=28333, stack(0x00007fc1453ce000,0x00007fc1454cf000)]
  0x00007fc174222800 JavaThread "C1 CompilerThread0" daemon [_thread_blocked, id=28334, stack(0x00007fc1452cd000,0x00007fc1453ce000)]
  0x00007fc174224800 JavaThread "Sweeper thread" daemon [_thread_blocked, id=28335, stack(0x00007fc1451cc000,0x00007fc1452cd000)]
  0x00007fc17424b000 JavaThread "Common-Cleaner" daemon [_thread_blocked, id=28340, stack(0x00007fc1450cb000,0x00007fc1451cc000)]
  0x00007fc174421800 JavaThread "Monitor Ctrl-Break" daemon [_thread_in_native, id=28345, stack(0x00007fc144ba0000,0x00007fc144ca1000)]
  0x00007fc174422800 JavaThread "Service Thread" daemon [_thread_blocked, id=28346, stack(0x00007fc144a9f000,0x00007fc144ba0000)]
  0x00007fc1744d7000 JavaThread "RMI TCP Accept-0" daemon [_thread_in_native, id=28347, stack(0x00007fc144390000,0x00007fc144491000)]
  0x00007fc128001000 JavaThread "Attach Listener" daemon [_thread_blocked, id=28365, stack(0x00007fc14418d000,0x00007fc14428e000)]
  0x00007fc0f4021800 JavaThread "RMI Scheduler(0)" daemon [_thread_blocked, id=28369, stack(0x00007fc106ef4000,0x00007fc106ff5000)]
  0x00007fc174b3f000 JavaThread "Catalina-utility-1" [_thread_blocked, id=28372, stack(0x00007fc106df3000,0x00007fc106ef4000)]
  0x00007fc0e0005000 JavaThread "Catalina-utility-2" [_thread_blocked, id=28373, stack(0x00007fc1068f2000,0x00007fc1069f3000)]
  0x00007fc174b42000 JavaThread "container-0" [_thread_blocked, id=28375, stack(0x00007fc1066ef000,0x00007fc1067f0000)]
  0x00007fc174b4f000 JavaThread "Abandoned connection cleanup thread" daemon [_thread_blocked, id=28376, stack(0x00007fc1065ee000,0x00007fc1066ef000)]
=>0x00007fc174cf7800 JavaThread "http-nio-8080-BlockPoller" daemon [_thread_in_vm, id=28379, stack(0x00007fc1060ed000,0x00007fc1061ee000)]
  0x00007fc174cf9000 JavaThread "http-nio-8080-exec-1" daemon [_thread_blocked, id=28380, stack(0x00007fc105fec000,0x00007fc1060ed000)]
  0x00007fc174cfa800 JavaThread "http-nio-8080-exec-2" daemon [_thread_blocked, id=28381, stack(0x00007fc105eeb000,0x00007fc105fec000)]
  0x00007fc174cfc800 JavaThread "http-nio-8080-exec-3" daemon [_thread_blocked, id=28382, stack(0x00007fc105dea000,0x00007fc105eeb000)]
  0x00007fc174cfe800 JavaThread "http-nio-8080-exec-4" daemon [_thread_blocked, id=28383, stack(0x00007fc105ce9000,0x00007fc105dea000)]
  0x00007fc174d00800 JavaThread "http-nio-8080-exec-5" daemon [_thread_blocked, id=28384, stack(0x00007fc105be8000,0x00007fc105ce9000)]
  0x00007fc174d02800 JavaThread "http-nio-8080-exec-6" daemon [_thread_blocked, id=28385, stack(0x00007fc105ae7000,0x00007fc105be8000)]
  0x00007fc174d04800 JavaThread "http-nio-8080-exec-7" daemon [_thread_blocked, id=28386, stack(0x00007fc1059e6000,0x00007fc105ae7000)]
  0x00007fc174d06800 JavaThread "http-nio-8080-exec-8" daemon [_thread_blocked, id=28387, stack(0x00007fc1058e5000,0x00007fc1059e6000)]
  0x00007fc174d08800 JavaThread "http-nio-8080-exec-9" daemon [_thread_blocked, id=28388, stack(0x00007fc1057e4000,0x00007fc1058e5000)]
  0x00007fc174d0a800 JavaThread "http-nio-8080-exec-10" daemon [_thread_blocked, id=28389, stack(0x00007fc1056e3000,0x00007fc1057e4000)]
  0x00007fc174d11000 JavaThread "http-nio-8080-ClientPoller" daemon [_thread_in_native, id=28390, stack(0x00007fc1055e2000,0x00007fc1056e3000)]
  0x00007fc174d14000 JavaThread "http-nio-8080-Acceptor" daemon [_thread_in_native, id=28391, stack(0x00007fc1054e1000,0x00007fc1055e2000)]
  0x00007fc174014800 JavaThread "DestroyJavaVM" [_thread_blocked, id=28318, stack(0x00007fc17e36e000,0x00007fc17e46f000)]

Other Threads:
  0x00007fc174215800 VMThread "VM Thread" [stack: 0x00007fc1542e4000,0x00007fc1543e4000] [id=28328]
  0x00007fc1744df800 WatcherThread [stack: 0x00007fc144290000,0x00007fc144390000] [id=28348]
  0x00007fc174087800 GCTaskThread "GC Thread#0" [stack: 0x00007fc178667000,0x00007fc178767000] [id=28320]
  0x00007fc13c001000 GCTaskThread "GC Thread#1" [stack: 0x00007fc14408d000,0x00007fc14418d000] [id=28350]
  0x00007fc13c002800 GCTaskThread "GC Thread#2" [stack: 0x00007fc107f00000,0x00007fc108000000] [id=28351]
  0x00007fc13c004800 GCTaskThread "GC Thread#3" [stack: 0x00007fc107dfe000,0x00007fc107efe000] [id=28352]
  0x00007fc13c006000 GCTaskThread "GC Thread#4" [stack: 0x00007fc107cfc000,0x00007fc107dfc000] [id=28353]
  0x00007fc13c00b800 GCTaskThread "GC Thread#5" [stack: 0x00007fc1067f2000,0x00007fc1068f2000] [id=28374]
  0x00007fc1740a0800 ConcurrentGCThread "G1 Main Marker" [stack: 0x00007fc178565000,0x00007fc178665000] [id=28321]
  0x00007fc1740a2800 ConcurrentGCThread "G1 Conc#0" [stack: 0x00007fc178463000,0x00007fc178563000] [id=28322]
  0x00007fc148001000 ConcurrentGCThread "G1 Conc#1" [stack: 0x00007fc106ff7000,0x00007fc1070f7000] [id=28368]
  0x00007fc17419a800 ConcurrentGCThread "G1 Refine#0" [stack: 0x00007fc154d69000,0x00007fc154e69000] [id=28325]
  0x00007fc140001000 ConcurrentGCThread "G1 Refine#1" [stack: 0x00007fc107bfa000,0x00007fc107cfa000] [id=28354]
  0x00007fc17419c800 ConcurrentGCThread "G1 Young RemSet Sampling" [stack: 0x00007fc154c67000,0x00007fc154d67000] [id=28326]

Threads with active compile tasks:

VM state:not at safepoint (normal execution)

VM Mutex/Monitor currently owned by a thread: None

Heap address: 0x000000070de00000, size: 3874 MB, Compressed Oops mode: Zero based, Oop shift amount: 3
Narrow klass base: 0x0000000800000000, Narrow klass shift: 3
Compressed class space size: 1073741824 Address: 0x000000080110c000

Heap:
 garbage-first heap   total 153600K, used 75062K [0x000000070de00000, 0x0000000800000000)
  region size 1024K, 71 young (72704K), 8 survivors (8192K)
 Metaspace       used 32350K, capacity 33382K, committed 33792K, reserved 1079296K
  class space    used 4109K, capacity 4499K, committed 4608K, reserved 1048576K
Heap Regions: E=young(eden), S=young(survivor), O=old, HS=humongous(starts), HC=humongous(continues), CS=collection set, F=free, A=archive, TAMS=top-at-mark-start (previous, next)
|   0|0x000000070de00000, 0x000000070df00000, 0x000000070df00000|100%| O|  |TAMS 0x000000070df00000, 0x000000070de00000| Untracked 
|   1|0x000000070df00000, 0x000000070e000000, 0x000000070e000000|100%| O|  |TAMS 0x000000070e000000, 0x000000070df00000| Untracked 
|   2|0x000000070e000000, 0x000000070e100000, 0x000000070e100000|100%| O|  |TAMS 0x000000070e100000, 0x000000070e000000| Untracked 
|   3|0x000000070e100000, 0x000000070e200000, 0x000000070e200000|100%| O|  |TAMS 0x000000070e200000, 0x000000070e100000| Untracked 
|   4|0x000000070e200000, 0x000000070e270200, 0x000000070e300000| 43%| O|  |TAMS 0x000000070e270200, 0x000000070e200000| Untracked 
|   5|0x000000070e300000, 0x000000070e300000, 0x000000070e400000|  0%| F|  |TAMS 0x000000070e300000, 0x000000070e300000| Untracked 
|   6|0x000000070e400000, 0x000000070e400000, 0x000000070e500000|  0%| F|  |TAMS 0x000000070e400000, 0x000000070e400000| Untracked 
|   7|0x000000070e500000, 0x000000070e500000, 0x000000070e600000|  0%| F|  |TAMS 0x000000070e500000, 0x000000070e500000| Untracked 
|   8|0x000000070e600000, 0x000000070e600000, 0x000000070e700000|  0%| F|  |TAMS 0x000000070e600000, 0x000000070e600000| Untracked 
|   9|0x000000070e700000, 0x000000070e700000, 0x000000070e800000|  0%| F|  |TAMS 0x000000070e700000, 0x000000070e700000| Untracked 
|  10|0x000000070e800000, 0x000000070e800000, 0x000000070e900000|  0%| F|  |TAMS 0x000000070e800000, 0x000000070e800000| Untracked 
|  11|0x000000070e900000, 0x000000070e900000, 0x000000070ea00000|  0%| F|  |TAMS 0x000000070e900000, 0x000000070e900000| Untracked 
|  12|0x000000070ea00000, 0x000000070ea00000, 0x000000070eb00000|  0%| F|  |TAMS 0x000000070ea00000, 0x000000070ea00000| Untracked 
|  13|0x000000070eb00000, 0x000000070eb00000, 0x000000070ec00000|  0%| F|  |TAMS 0x000000070eb00000, 0x000000070eb00000| Untracked 
|  14|0x000000070ec00000, 0x000000070ec00000, 0x000000070ed00000|  0%| F|  |TAMS 0x000000070ec00000, 0x000000070ec00000| Untracked 
|  15|0x000000070ed00000, 0x000000070ed00000, 0x000000070ee00000|  0%| F|  |TAMS 0x000000070ed00000, 0x000000070ed00000| Untracked 
|  16|0x000000070ee00000, 0x000000070ee00000, 0x000000070ef00000|  0%| F|  |TAMS 0x000000070ee00000, 0x000000070ee00000| Untracked 
|  17|0x000000070ef00000, 0x000000070ef00000, 0x000000070f000000|  0%| F|  |TAMS 0x000000070ef00000, 0x000000070ef00000| Untracked 
|  18|0x000000070f000000, 0x000000070f000000, 0x000000070f100000|  0%| F|  |TAMS 0x000000070f000000, 0x000000070f000000| Untracked 
|  19|0x000000070f100000, 0x000000070f100000, 0x000000070f200000|  0%| F|  |TAMS 0x000000070f100000, 0x000000070f100000| Untracked 
|  20|0x000000070f200000, 0x000000070f200000, 0x000000070f300000|  0%| F|  |TAMS 0x000000070f200000, 0x000000070f200000| Untracked 
|  21|0x000000070f300000, 0x000000070f300000, 0x000000070f400000|  0%| F|  |TAMS 0x000000070f300000, 0x000000070f300000| Untracked 
|  22|0x000000070f400000, 0x000000070f400000, 0x000000070f500000|  0%| F|  |TAMS 0x000000070f400000, 0x000000070f400000| Untracked 
|  23|0x000000070f500000, 0x000000070f500000, 0x000000070f600000|  0%| F|  |TAMS 0x000000070f500000, 0x000000070f500000| Untracked 
|  24|0x000000070f600000, 0x000000070f600000, 0x000000070f700000|  0%| F|  |TAMS 0x000000070f600000, 0x000000070f600000| Untracked 
|  25|0x000000070f700000, 0x000000070f700000, 0x000000070f800000|  0%| F|  |TAMS 0x000000070f700000, 0x000000070f700000| Untracked 
|  26|0x000000070f800000, 0x000000070f800000, 0x000000070f900000|  0%| F|  |TAMS 0x000000070f800000, 0x000000070f800000| Untracked 
|  27|0x000000070f900000, 0x000000070f900000, 0x000000070fa00000|  0%| F|  |TAMS 0x000000070f900000, 0x000000070f900000| Untracked 
|  28|0x000000070fa00000, 0x000000070fa00000, 0x000000070fb00000|  0%| F|  |TAMS 0x000000070fa00000, 0x000000070fa00000| Untracked 
|  29|0x000000070fb00000, 0x000000070fb00000, 0x000000070fc00000|  0%| F|  |TAMS 0x000000070fb00000, 0x000000070fb00000| Untracked 
|  30|0x000000070fc00000, 0x000000070fc00000, 0x000000070fd00000|  0%| F|  |TAMS 0x000000070fc00000, 0x000000070fc00000| Untracked 
|  31|0x000000070fd00000, 0x000000070fd00000, 0x000000070fe00000|  0%| F|  |TAMS 0x000000070fd00000, 0x000000070fd00000| Untracked 
|  32|0x000000070fe00000, 0x000000070fe00000, 0x000000070ff00000|  0%| F|  |TAMS 0x000000070fe00000, 0x000000070fe00000| Untracked 
|  33|0x000000070ff00000, 0x000000070ff00000, 0x0000000710000000|  0%| F|  |TAMS 0x000000070ff00000, 0x000000070ff00000| Untracked 
|  34|0x0000000710000000, 0x0000000710000000, 0x0000000710100000|  0%| F|  |TAMS 0x0000000710000000, 0x0000000710000000| Untracked 
|  35|0x0000000710100000, 0x0000000710100000, 0x0000000710200000|  0%| F|  |TAMS 0x0000000710100000, 0x0000000710100000| Untracked 
|  36|0x0000000710200000, 0x0000000710200000, 0x0000000710300000|  0%| F|  |TAMS 0x0000000710200000, 0x0000000710200000| Untracked 
|  37|0x0000000710300000, 0x0000000710300000, 0x0000000710400000|  0%| F|  |TAMS 0x0000000710300000, 0x0000000710300000| Untracked 
|  38|0x0000000710400000, 0x0000000710500000, 0x0000000710500000|100%| S|CS|TAMS 0x0000000710400000, 0x0000000710400000| Complete 
|  39|0x0000000710500000, 0x0000000710600000, 0x0000000710600000|100%| S|CS|TAMS 0x0000000710500000, 0x0000000710500000| Complete 
|  40|0x0000000710600000, 0x0000000710700000, 0x0000000710700000|100%| S|CS|TAMS 0x0000000710600000, 0x0000000710600000| Complete 
|  41|0x0000000710700000, 0x0000000710800000, 0x0000000710800000|100%| S|CS|TAMS 0x0000000710700000, 0x0000000710700000| Complete 
|  42|0x0000000710800000, 0x0000000710900000, 0x0000000710900000|100%| S|CS|TAMS 0x0000000710800000, 0x0000000710800000| Complete 
|  43|0x0000000710900000, 0x0000000710a00000, 0x0000000710a00000|100%| S|CS|TAMS 0x0000000710900000, 0x0000000710900000| Complete 
|  44|0x0000000710a00000, 0x0000000710b00000, 0x0000000710b00000|100%| S|CS|TAMS 0x0000000710a00000, 0x0000000710a00000| Complete 
|  45|0x0000000710b00000, 0x0000000710b22930, 0x0000000710c00000| 13%| S|CS|TAMS 0x0000000710b00000, 0x0000000710b00000| Complete 
|  46|0x0000000710c00000, 0x0000000710c00000, 0x0000000710d00000|  0%| F|  |TAMS 0x0000000710c00000, 0x0000000710c00000| Untracked 
|  47|0x0000000710d00000, 0x0000000710d00000, 0x0000000710e00000|  0%| F|  |TAMS 0x0000000710d00000, 0x0000000710d00000| Untracked 
|  48|0x0000000710e00000, 0x0000000710e00000, 0x0000000710f00000|  0%| F|  |TAMS 0x0000000710e00000, 0x0000000710e00000| Untracked 
|  49|0x0000000710f00000, 0x0000000710f00000, 0x0000000711000000|  0%| F|  |TAMS 0x0000000710f00000, 0x0000000710f00000| Untracked 
|  50|0x0000000711000000, 0x0000000711000000, 0x0000000711100000|  0%| F|  |TAMS 0x0000000711000000, 0x0000000711000000| Untracked 
|  51|0x0000000711100000, 0x0000000711100000, 0x0000000711200000|  0%| F|  |TAMS 0x0000000711100000, 0x0000000711100000| Untracked 
|  52|0x0000000711200000, 0x0000000711200000, 0x0000000711300000|  0%| F|  |TAMS 0x0000000711200000, 0x0000000711200000| Untracked 
|  53|0x0000000711300000, 0x0000000711300000, 0x0000000711400000|  0%| F|  |TAMS 0x0000000711300000, 0x0000000711300000| Untracked 
|  54|0x0000000711400000, 0x0000000711400000, 0x0000000711500000|  0%| F|  |TAMS 0x0000000711400000, 0x0000000711400000| Untracked 
|  55|0x0000000711500000, 0x0000000711500000, 0x0000000711600000|  0%| F|  |TAMS 0x0000000711500000, 0x0000000711500000| Untracked 
|  56|0x0000000711600000, 0x0000000711600000, 0x0000000711700000|  0%| F|  |TAMS 0x0000000711600000, 0x0000000711600000| Untracked 
|  57|0x0000000711700000, 0x0000000711700000, 0x0000000711800000|  0%| F|  |TAMS 0x0000000711700000, 0x0000000711700000| Untracked 
|  58|0x0000000711800000, 0x0000000711800000, 0x0000000711900000|  0%| F|  |TAMS 0x0000000711800000, 0x0000000711800000| Untracked 
|  59|0x0000000711900000, 0x0000000711900000, 0x0000000711a00000|  0%| F|  |TAMS 0x0000000711900000, 0x0000000711900000| Untracked 
|  60|0x0000000711a00000, 0x0000000711a00000, 0x0000000711b00000|  0%| F|  |TAMS 0x0000000711a00000, 0x0000000711a00000| Untracked 
|  61|0x0000000711b00000, 0x0000000711b00000, 0x0000000711c00000|  0%| F|  |TAMS 0x0000000711b00000, 0x0000000711b00000| Untracked 
|  62|0x0000000711c00000, 0x0000000711c00000, 0x0000000711d00000|  0%| F|  |TAMS 0x0000000711c00000, 0x0000000711c00000| Untracked 
|  63|0x0000000711d00000, 0x0000000711d00000, 0x0000000711e00000|  0%| F|  |TAMS 0x0000000711d00000, 0x0000000711d00000| Untracked 
|  64|0x0000000711e00000, 0x0000000711e00000, 0x0000000711f00000|  0%| F|  |TAMS 0x0000000711e00000, 0x0000000711e00000| Untracked 
|  65|0x0000000711f00000, 0x0000000711f00000, 0x0000000712000000|  0%| F|  |TAMS 0x0000000711f00000, 0x0000000711f00000| Untracked 
|  66|0x0000000712000000, 0x0000000712000000, 0x0000000712100000|  0%| F|  |TAMS 0x0000000712000000, 0x0000000712000000| Untracked 
|  67|0x0000000712100000, 0x0000000712100000, 0x0000000712200000|  0%| F|  |TAMS 0x0000000712100000, 0x0000000712100000| Untracked 
|  68|0x0000000712200000, 0x0000000712200000, 0x0000000712300000|  0%| F|  |TAMS 0x0000000712200000, 0x0000000712200000| Untracked 
|  69|0x0000000712300000, 0x0000000712300000, 0x0000000712400000|  0%| F|  |TAMS 0x0000000712300000, 0x0000000712300000| Untracked 
|  70|0x0000000712400000, 0x0000000712400000, 0x0000000712500000|  0%| F|  |TAMS 0x0000000712400000, 0x0000000712400000| Untracked 
|  71|0x0000000712500000, 0x0000000712500000, 0x0000000712600000|  0%| F|  |TAMS 0x0000000712500000, 0x0000000712500000| Untracked 
|  72|0x0000000712600000, 0x0000000712600000, 0x0000000712700000|  0%| F|  |TAMS 0x0000000712600000, 0x0000000712600000| Untracked 
|  73|0x0000000712700000, 0x0000000712700000, 0x0000000712800000|  0%| F|  |TAMS 0x0000000712700000, 0x0000000712700000| Untracked 
|  74|0x0000000712800000, 0x0000000712800000, 0x0000000712900000|  0%| F|  |TAMS 0x0000000712800000, 0x0000000712800000| Untracked 
|  75|0x0000000712900000, 0x0000000712900000, 0x0000000712a00000|  0%| F|  |TAMS 0x0000000712900000, 0x0000000712900000| Untracked 
|  76|0x0000000712a00000, 0x0000000712a00000, 0x0000000712b00000|  0%| F|  |TAMS 0x0000000712a00000, 0x0000000712a00000| Untracked 
|  77|0x0000000712b00000, 0x0000000712b00000, 0x0000000712c00000|  0%| F|  |TAMS 0x0000000712b00000, 0x0000000712b00000| Untracked 
|  78|0x0000000712c00000, 0x0000000712c00000, 0x0000000712d00000|  0%| F|  |TAMS 0x0000000712c00000, 0x0000000712c00000| Untracked 
|  79|0x0000000712d00000, 0x0000000712d00000, 0x0000000712e00000|  0%| F|  |TAMS 0x0000000712d00000, 0x0000000712d00000| Untracked 
|  80|0x0000000712e00000, 0x0000000712e00000, 0x0000000712f00000|  0%| F|  |TAMS 0x0000000712e00000, 0x0000000712e00000| Untracked 
|  81|0x0000000712f00000, 0x0000000712f00000, 0x0000000713000000|  0%| F|  |TAMS 0x0000000712f00000, 0x0000000712f00000| Untracked 
|  82|0x0000000713000000, 0x0000000713000000, 0x0000000713100000|  0%| F|  |TAMS 0x0000000713000000, 0x0000000713000000| Untracked 
|  83|0x0000000713100000, 0x0000000713100000, 0x0000000713200000|  0%| F|  |TAMS 0x0000000713100000, 0x0000000713100000| Untracked 
|  84|0x0000000713200000, 0x0000000713200000, 0x0000000713300000|  0%| F|  |TAMS 0x0000000713200000, 0x0000000713200000| Untracked 
|  85|0x0000000713300000, 0x0000000713400000, 0x0000000713400000|100%| E|  |TAMS 0x0000000713300000, 0x0000000713300000| Complete 
|  86|0x0000000713400000, 0x0000000713500000, 0x0000000713500000|100%| E|CS|TAMS 0x0000000713400000, 0x0000000713400000| Complete 
|  87|0x0000000713500000, 0x0000000713600000, 0x0000000713600000|100%| E|CS|TAMS 0x0000000713500000, 0x0000000713500000| Complete 
|  88|0x0000000713600000, 0x0000000713700000, 0x0000000713700000|100%| E|CS|TAMS 0x0000000713600000, 0x0000000713600000| Complete 
|  89|0x0000000713700000, 0x0000000713800000, 0x0000000713800000|100%| E|CS|TAMS 0x0000000713700000, 0x0000000713700000| Complete 
|  90|0x0000000713800000, 0x0000000713900000, 0x0000000713900000|100%| E|CS|TAMS 0x0000000713800000, 0x0000000713800000| Complete 
|  91|0x0000000713900000, 0x0000000713a00000, 0x0000000713a00000|100%| E|CS|TAMS 0x0000000713900000, 0x0000000713900000| Complete 
|  92|0x0000000713a00000, 0x0000000713b00000, 0x0000000713b00000|100%| E|CS|TAMS 0x0000000713a00000, 0x0000000713a00000| Complete 
|  93|0x0000000713b00000, 0x0000000713c00000, 0x0000000713c00000|100%| E|CS|TAMS 0x0000000713b00000, 0x0000000713b00000| Complete 
|  94|0x0000000713c00000, 0x0000000713d00000, 0x0000000713d00000|100%| E|CS|TAMS 0x0000000713c00000, 0x0000000713c00000| Complete 
|  95|0x0000000713d00000, 0x0000000713e00000, 0x0000000713e00000|100%| E|CS|TAMS 0x0000000713d00000, 0x0000000713d00000| Complete 
|  96|0x0000000713e00000, 0x0000000713f00000, 0x0000000713f00000|100%| E|CS|TAMS 0x0000000713e00000, 0x0000000713e00000| Complete 
|  97|0x0000000713f00000, 0x0000000714000000, 0x0000000714000000|100%| E|CS|TAMS 0x0000000713f00000, 0x0000000713f00000| Complete 
|  98|0x0000000714000000, 0x0000000714100000, 0x0000000714100000|100%| E|CS|TAMS 0x0000000714000000, 0x0000000714000000| Complete 
|  99|0x0000000714100000, 0x0000000714200000, 0x0000000714200000|100%| E|CS|TAMS 0x0000000714100000, 0x0000000714100000| Complete 
| 100|0x0000000714200000, 0x0000000714300000, 0x0000000714300000|100%| E|CS|TAMS 0x0000000714200000, 0x0000000714200000| Complete 
| 101|0x0000000714300000, 0x0000000714400000, 0x0000000714400000|100%| E|CS|TAMS 0x0000000714300000, 0x0000000714300000| Complete 
| 102|0x0000000714400000, 0x0000000714500000, 0x0000000714500000|100%| E|CS|TAMS 0x0000000714400000, 0x0000000714400000| Complete 
| 103|0x0000000714500000, 0x0000000714600000, 0x0000000714600000|100%| E|CS|TAMS 0x0000000714500000, 0x0000000714500000| Complete 
| 104|0x0000000714600000, 0x0000000714700000, 0x0000000714700000|100%| E|CS|TAMS 0x0000000714600000, 0x0000000714600000| Complete 
| 105|0x0000000714700000, 0x0000000714800000, 0x0000000714800000|100%| E|CS|TAMS 0x0000000714700000, 0x0000000714700000| Complete 
| 106|0x0000000714800000, 0x0000000714900000, 0x0000000714900000|100%| E|CS|TAMS 0x0000000714800000, 0x0000000714800000| Complete 
| 107|0x0000000714900000, 0x0000000714a00000, 0x0000000714a00000|100%| E|CS|TAMS 0x0000000714900000, 0x0000000714900000| Complete 
| 108|0x0000000714a00000, 0x0000000714b00000, 0x0000000714b00000|100%| E|CS|TAMS 0x0000000714a00000, 0x0000000714a00000| Complete 
| 109|0x0000000714b00000, 0x0000000714c00000, 0x0000000714c00000|100%| E|CS|TAMS 0x0000000714b00000, 0x0000000714b00000| Complete 
| 110|0x0000000714c00000, 0x0000000714d00000, 0x0000000714d00000|100%| E|  |TAMS 0x0000000714c00000, 0x0000000714c00000| Complete 
| 111|0x0000000714d00000, 0x0000000714e00000, 0x0000000714e00000|100%| E|CS|TAMS 0x0000000714d00000, 0x0000000714d00000| Complete 
| 112|0x0000000714e00000, 0x0000000714f00000, 0x0000000714f00000|100%| E|CS|TAMS 0x0000000714e00000, 0x0000000714e00000| Complete 
| 113|0x0000000714f00000, 0x0000000715000000, 0x0000000715000000|100%| E|CS|TAMS 0x0000000714f00000, 0x0000000714f00000| Complete 
| 114|0x0000000715000000, 0x0000000715100000, 0x0000000715100000|100%| E|CS|TAMS 0x0000000715000000, 0x0000000715000000| Complete 
| 115|0x0000000715100000, 0x0000000715200000, 0x0000000715200000|100%| E|CS|TAMS 0x0000000715100000, 0x0000000715100000| Complete 
| 116|0x0000000715200000, 0x0000000715300000, 0x0000000715300000|100%| E|CS|TAMS 0x0000000715200000, 0x0000000715200000| Complete 
| 117|0x0000000715300000, 0x0000000715400000, 0x0000000715400000|100%| E|CS|TAMS 0x0000000715300000, 0x0000000715300000| Complete 
| 118|0x0000000715400000, 0x0000000715500000, 0x0000000715500000|100%| E|CS|TAMS 0x0000000715400000, 0x0000000715400000| Complete 
| 119|0x0000000715500000, 0x0000000715600000, 0x0000000715600000|100%| E|CS|TAMS 0x0000000715500000, 0x0000000715500000| Complete 
| 120|0x0000000715600000, 0x0000000715700000, 0x0000000715700000|100%| E|CS|TAMS 0x0000000715600000, 0x0000000715600000| Complete 
| 121|0x0000000715700000, 0x0000000715800000, 0x0000000715800000|100%| E|CS|TAMS 0x0000000715700000, 0x0000000715700000| Complete 
| 122|0x0000000715800000, 0x0000000715900000, 0x0000000715900000|100%| E|CS|TAMS 0x0000000715800000, 0x0000000715800000| Complete 
| 123|0x0000000715900000, 0x0000000715a00000, 0x0000000715a00000|100%| E|CS|TAMS 0x0000000715900000, 0x0000000715900000| Complete 
| 124|0x0000000715a00000, 0x0000000715b00000, 0x0000000715b00000|100%| E|CS|TAMS 0x0000000715a00000, 0x0000000715a00000| Complete 
| 125|0x0000000715b00000, 0x0000000715c00000, 0x0000000715c00000|100%| E|CS|TAMS 0x0000000715b00000, 0x0000000715b00000| Complete 
| 126|0x0000000715c00000, 0x0000000715d00000, 0x0000000715d00000|100%| E|CS|TAMS 0x0000000715c00000, 0x0000000715c00000| Complete 
| 127|0x0000000715d00000, 0x0000000715e00000, 0x0000000715e00000|100%| E|CS|TAMS 0x0000000715d00000, 0x0000000715d00000| Complete 
| 128|0x0000000715e00000, 0x0000000715f00000, 0x0000000715f00000|100%| E|CS|TAMS 0x0000000715e00000, 0x0000000715e00000| Complete 
| 129|0x0000000715f00000, 0x0000000716000000, 0x0000000716000000|100%| E|CS|TAMS 0x0000000715f00000, 0x0000000715f00000| Complete 
| 130|0x0000000716000000, 0x0000000716100000, 0x0000000716100000|100%| E|CS|TAMS 0x0000000716000000, 0x0000000716000000| Complete 
| 131|0x0000000716100000, 0x0000000716200000, 0x0000000716200000|100%| E|CS|TAMS 0x0000000716100000, 0x0000000716100000| Complete 
| 132|0x0000000716200000, 0x0000000716300000, 0x0000000716300000|100%| E|CS|TAMS 0x0000000716200000, 0x0000000716200000| Complete 
| 133|0x0000000716300000, 0x0000000716400000, 0x0000000716400000|100%| E|CS|TAMS 0x0000000716300000, 0x0000000716300000| Complete 
| 134|0x0000000716400000, 0x0000000716500000, 0x0000000716500000|100%| E|CS|TAMS 0x0000000716400000, 0x0000000716400000| Complete 
| 135|0x0000000716500000, 0x0000000716600000, 0x0000000716600000|100%| E|CS|TAMS 0x0000000716500000, 0x0000000716500000| Complete 
| 136|0x0000000716600000, 0x0000000716700000, 0x0000000716700000|100%| E|CS|TAMS 0x0000000716600000, 0x0000000716600000| Complete 
| 137|0x0000000716700000, 0x0000000716800000, 0x0000000716800000|100%| E|CS|TAMS 0x0000000716700000, 0x0000000716700000| Complete 
| 138|0x0000000716800000, 0x0000000716900000, 0x0000000716900000|100%| E|CS|TAMS 0x0000000716800000, 0x0000000716800000| Complete 
| 139|0x0000000716900000, 0x0000000716a00000, 0x0000000716a00000|100%| E|CS|TAMS 0x0000000716900000, 0x0000000716900000| Complete 
| 140|0x0000000716a00000, 0x0000000716b00000, 0x0000000716b00000|100%| E|CS|TAMS 0x0000000716a00000, 0x0000000716a00000| Complete 
| 236|0x000000071ca00000, 0x000000071cb00000, 0x000000071cb00000|100%| E|CS|TAMS 0x000000071ca00000, 0x000000071ca00000| Complete 
| 237|0x000000071cb00000, 0x000000071cc00000, 0x000000071cc00000|100%| E|CS|TAMS 0x000000071cb00000, 0x000000071cb00000| Complete 
| 238|0x000000071cc00000, 0x000000071cd00000, 0x000000071cd00000|100%| E|CS|TAMS 0x000000071cc00000, 0x000000071cc00000| Complete 
| 239|0x000000071cd00000, 0x000000071ce00000, 0x000000071ce00000|100%| E|CS|TAMS 0x000000071cd00000, 0x000000071cd00000| Complete 
| 240|0x000000071ce00000, 0x000000071cf00000, 0x000000071cf00000|100%| E|CS|TAMS 0x000000071ce00000, 0x000000071ce00000| Complete 
| 242|0x000000071d000000, 0x000000071d100000, 0x000000071d100000|100%| E|CS|TAMS 0x000000071d000000, 0x000000071d000000| Complete 
| 243|0x000000071d100000, 0x000000071d200000, 0x000000071d200000|100%| E|CS|TAMS 0x000000071d100000, 0x000000071d100000| Complete 
|3872|0x00000007ffe00000, 0x00000007ffe49000, 0x00000007fff00000| 28%|OA|  |TAMS 0x00000007ffe49000, 0x00000007ffe00000| Untracked 
|3873|0x00000007fff00000, 0x00000007fff72000, 0x0000000800000000| 44%|CA|  |TAMS 0x00000007fff72000, 0x00000007fff00000| Untracked 

Card table byte_map: [0x00007fc178ff2000,0x00007fc179783000] _byte_map_base: 0x00007fc175783000

Marking Bits (Prev, Next): (CMBitMap*) 0x00007fc174088d48, (CMBitMap*) 0x00007fc174088d08
 Prev Bits: [0x00007fc15526d000, 0x00007fc158ef5000)
 Next Bits: [0x00007fc158ef5000, 0x00007fc15cb7d000)

Polling page: 0x00007fc17e485000

Metaspace:

Usage:
  Non-class:     28,21 MB capacity,    27,58 MB ( 98%) used,   529,67 KB (  2%) free+waste,   112,44 KB ( <1%) overhead. 
      Class:      4,39 MB capacity,     4,01 MB ( 91%) used,   334,45 KB (  7%) free+waste,    54,94 KB (  1%) overhead. 
       Both:     32,60 MB capacity,    31,59 MB ( 97%) used,   864,12 KB (  3%) free+waste,   167,38 KB ( <1%) overhead. 

Virtual space:
  Non-class space:       30,00 MB reserved,      28,50 MB ( 95%) committed 
      Class space:        1,00 GB reserved,       4,50 MB ( <1%) committed 
             Both:        1,03 GB reserved,      33,00 MB (  3%) committed 

Chunk freelists:
   Non-Class:  14,62 KB
       Class:  0 bytes
        Both:  14,62 KB

CodeHeap 'non-profiled nmethods': size=238384Kb used=6620Kb max_used=6620Kb free=231763Kb
 bounds [0x00007fc15d2b1000, 0x00007fc15d931000, 0x00007fc16bb7d000]
CodeHeap 'non-nmethods': size=7376Kb used=1203Kb max_used=1203Kb free=6172Kb
 bounds [0x00007fc15cb7d000, 0x00007fc15cded000, 0x00007fc15d2b1000]
 total_blobs=4420 nmethods=3839 adapters=482
 compilation: enabled
              stopped_count=0, restarted_count=0
 full_count=0

Compilation events (10 events):
Event: 15301,565 Thread 0x00007fc174222800 3846   !   1       org.apache.catalina.core.StandardServer::startPeriodicLifecycleEvent (111 bytes)
Event: 15301,567 Thread 0x00007fc174222800 nmethod 3846 0x00007fc15d924990 code [0x00007fc15d924ba0, 0x00007fc15d9250e8]
Event: 15301,916 Thread 0x00007fc174222800 3847       1       org.apache.coyote.AbstractProtocol$1::run (18 bytes)
Event: 15301,917 Thread 0x00007fc174222800 nmethod 3847 0x00007fc15d925390 code [0x00007fc15d925540, 0x00007fc15d9256c8]
Event: 15301,917 Thread 0x00007fc174222800 3848   !   1       org.apache.coyote.AbstractProtocol::startAsyncTimeout (104 bytes)
Event: 15301,919 Thread 0x00007fc174222800 nmethod 3848 0x00007fc15d925810 code [0x00007fc15d925a40, 0x00007fc15d926028]
Event: 15362,003 Thread 0x00007fc174222800 3849       1       org.apache.catalina.session.ManagerBase::processExpires (196 bytes)
Event: 15362,007 Thread 0x00007fc174222800 nmethod 3849 0x00007fc15d926390 code [0x00007fc15d926700, 0x00007fc15d9273e8]
Event: 15362,007 Thread 0x00007fc174222800 3850       1       org.apache.catalina.session.ManagerBase::findSessions (22 bytes)
Event: 15362,008 Thread 0x00007fc174222800 nmethod 3850 0x00007fc15d927b90 code [0x00007fc15d927d60, 0x00007fc15d927ff8]

GC Heap History (10 events):
Event: 0,560 GC heap before
{Heap before GC invocations=0 (full 0):
 garbage-first heap   total 251904K, used 24300K [0x000000070de00000, 0x0000000800000000)
  region size 1024K, 24 young (24576K), 0 survivors (0K)
 Metaspace       used 8110K, capacity 8443K, committed 8704K, reserved 1056768K
  class space    used 1036K, capacity 1183K, committed 1280K, reserved 1048576K
}
Event: 0,567 GC heap after
{Heap after GC invocations=1 (full 0):
 garbage-first heap   total 251904K, used 5244K [0x000000070de00000, 0x0000000800000000)
  region size 1024K, 3 young (3072K), 3 survivors (3072K)
 Metaspace       used 8110K, capacity 8443K, committed 8704K, reserved 1056768K
  class space    used 1036K, capacity 1183K, committed 1280K, reserved 1048576K
}
Event: 0,669 GC heap before
{Heap before GC invocations=1 (full 0):
 garbage-first heap   total 251904K, used 25724K [0x000000070de00000, 0x0000000800000000)
  region size 1024K, 23 young (23552K), 3 survivors (3072K)
 Metaspace       used 11538K, capacity 11964K, committed 12032K, reserved 1058816K
  class space    used 1606K, capacity 1758K, committed 1792K, reserved 1048576K
}
Event: 0,675 GC heap after
{Heap after GC invocations=2 (full 0):
 garbage-first heap   total 251904K, used 6385K [0x000000070de00000, 0x0000000800000000)
  region size 1024K, 2 young (2048K), 2 survivors (2048K)
 Metaspace       used 11538K, capacity 11964K, committed 12032K, reserved 1058816K
  class space    used 1606K, capacity 1758K, committed 1792K, reserved 1048576K
}
Event: 1,185 GC heap before
{Heap before GC invocations=2 (full 0):
 garbage-first heap   total 251904K, used 61681K [0x000000070de00000, 0x0000000800000000)
  region size 1024K, 56 young (57344K), 2 survivors (2048K)
 Metaspace       used 20068K, capacity 20754K, committed 20864K, reserved 1067008K
  class space    used 2669K, capacity 2916K, committed 2944K, reserved 1048576K
}
Event: 1,190 GC heap after
{Heap after GC invocations=3 (full 0):
 garbage-first heap   total 251904K, used 9738K [0x000000070de00000, 0x0000000800000000)
  region size 1024K, 5 young (5120K), 5 survivors (5120K)
 Metaspace       used 20068K, capacity 20754K, committed 20864K, reserved 1067008K
  class space    used 2669K, capacity 2916K, committed 2944K, reserved 1048576K
}
Event: 1,204 GC heap before
{Heap before GC invocations=3 (full 0):
 garbage-first heap   total 251904K, used 11786K [0x000000070de00000, 0x0000000800000000)
  region size 1024K, 8 young (8192K), 5 survivors (5120K)
 Metaspace       used 20405K, capacity 21113K, committed 21248K, reserved 1067008K
  class space    used 2716K, capacity 2971K, committed 3072K, reserved 1048576K
}
Event: 1,210 GC heap after
{Heap after GC invocations=4 (full 0):
 garbage-first heap   total 251904K, used 9939K [0x000000070de00000, 0x0000000800000000)
  region size 1024K, 5 young (5120K), 5 survivors (5120K)
 Metaspace       used 20405K, capacity 21113K, committed 21248K, reserved 1067008K
  class space    used 2716K, capacity 2971K, committed 3072K, reserved 1048576K
}
Event: 1,511 GC heap before
{Heap before GC invocations=5 (full 0):
 garbage-first heap   total 48128K, used 45779K [0x000000070de00000, 0x0000000800000000)
  region size 1024K, 40 young (40960K), 5 survivors (5120K)
 Metaspace       used 24922K, capacity 25830K, committed 25984K, reserved 1071104K
  class space    used 3275K, capacity 3612K, committed 3712K, reserved 1048576K
}
Event: 1,517 GC heap after
{Heap after GC invocations=6 (full 0):
 garbage-first heap   total 153600K, used 12598K [0x000000070de00000, 0x0000000800000000)
  region size 1024K, 8 young (8192K), 8 survivors (8192K)
 Metaspace       used 24922K, capacity 25830K, committed 25984K, reserved 1071104K
  class space    used 3275K, capacity 3612K, committed 3712K, reserved 1048576K
}

Deoptimization events (0 events):
No events

Classes redefined (0 events):
No events

Internal exceptions (10 events):
Event: 1,680 Thread 0x00007fc174014800 Exception <a 'java/lang/ClassNotFoundException'{0x00000007167a1a38}: org/springframework/context/ApplicationContextAwareCustomizer> (0x00000007167a1a38) thrown at [/scratch/opt/mach5/mesos/work_dir/slaves/dd0bab7c-a530-4905-bb6b-daa7153eb2c1-S122/framewor
Event: 1,680 Thread 0x00007fc174014800 Exception <a 'java/lang/ClassNotFoundException'{0x00000007167a9e38}: org/springframework/beans/factory/AwareCustomizer> (0x00000007167a9e38) thrown at [/scratch/opt/mach5/mesos/work_dir/slaves/dd0bab7c-a530-4905-bb6b-daa7153eb2c1-S122/frameworks/1735e8a2-
Event: 1,680 Thread 0x00007fc174014800 Exception <a 'java/lang/ClassNotFoundException'{0x00000007167b1408}: org/springframework/web/context/ServletContextAwareCustomizer> (0x00000007167b1408) thrown at [/scratch/opt/mach5/mesos/work_dir/slaves/dd0bab7c-a530-4905-bb6b-daa7153eb2c1-S122/framewor
Event: 1,680 Thread 0x00007fc174014800 Exception <a 'java/lang/ClassNotFoundException'{0x00000007167b9090}: org/springframework/beans/factory/AwareCustomizer> (0x00000007167b9090) thrown at [/scratch/opt/mach5/mesos/work_dir/slaves/dd0bab7c-a530-4905-bb6b-daa7153eb2c1-S122/frameworks/1735e8a2-
Event: 1,746 Thread 0x00007fc174014800 Exception <a 'java/lang/NoSuchMethodError'{0x0000000715f5ba40}: java.lang.invoke.DirectMethodHandle$Holder.invokeVirtual(Ljava/lang/Object;Ljava/lang/Object;I)V> (0x0000000715f5ba40) thrown at [/scratch/opt/mach5/mesos/work_dir/slaves/dd0bab7c-a530-4905-b
Event: 1,761 Thread 0x00007fc110001800 Exception <a 'java/lang/reflect/InvocationTargetException'{0x0000000715e89e10}> (0x0000000715e89e10) thrown at [/scratch/opt/mach5/mesos/work_dir/slaves/dd0bab7c-a530-4905-bb6b-daa7153eb2c1-S122/frameworks/1735e8a2-a1db-478c-8104-60c8b0af87dd-0196/executo
Event: 1,859 Thread 0x00007fc174014800 Exception <a 'java/lang/NoSuchMethodError'{0x0000000715003e20}: java.lang.invoke.DirectMethodHandle$Holder.invokeSpecial(Ljava/lang/Object;Ljava/lang/Object;)V> (0x0000000715003e20) thrown at [/scratch/opt/mach5/mesos/work_dir/slaves/dd0bab7c-a530-4905-bb
Event: 1,859 Thread 0x00007fc174014800 Exception <a 'java/lang/NoSuchMethodError'{0x0000000715009450}: java.lang.invoke.DirectMethodHandle$Holder.newInvokeSpecial(Ljava/lang/Object;I)Ljava/lang/Object;> (0x0000000715009450) thrown at [/scratch/opt/mach5/mesos/work_dir/slaves/dd0bab7c-a530-4905
Event: 19,619 Thread 0x00007fc174d00800 Exception <a 'java/lang/NoSuchMethodError'{0x00000007143b4768}: java.lang.invoke.DirectMethodHandle$Holder.invokeVirtual(Ljava/lang/Object;Ljava/lang/Object;Ljava/lang/Object;Ljava/lang/Object;)V> (0x00000007143b4768) thrown at [/scratch/opt/mach5/mesos/w
Event: 265,000 Thread 0x00007fc174d04800 Exception <a 'java/lang/NoClassDefFoundError'{0x00000007142f7ea0}: sun/reflect/Reflection> (0x00000007142f7ea0) thrown at [/scratch/opt/mach5/mesos/work_dir/slaves/dd0bab7c-a530-4905-bb6b-daa7153eb2c1-S122/frameworks/1735e8a2-a1db-478c-8104-60c8b0af87dd-0

Events (10 events):
Event: 265,000 loading class ch/qos/logback/classic/spi/ClassPackagingData
Event: 265,000 loading class ch/qos/logback/classic/spi/ClassPackagingData done
Event: 269,579 Executing VM operation: RevokeBias
Event: 269,579 Executing VM operation: RevokeBias done
Event: 269,581 Executing VM operation: RevokeBias
Event: 269,581 Executing VM operation: RevokeBias done
Event: 334,845 loading class java/net/SocketTimeoutException
Event: 334,845 loading class java/io/InterruptedIOException
Event: 334,846 loading class java/io/InterruptedIOException done
Event: 334,846 loading class java/net/SocketTimeoutException done


Dynamic libraries:
00400000-00401000 r-xp 00000000 08:07 20185654                           /usr/lib/jvm/jdk-12.0.2/bin/java
00600000-00601000 r--p 00000000 08:07 20185654                           /usr/lib/jvm/jdk-12.0.2/bin/java
00601000-00602000 rw-p 00001000 08:07 20185654                           /usr/lib/jvm/jdk-12.0.2/bin/java
0245c000-0247d000 rw-p 00000000 00:00 0                                  [heap]
70de00000-716b00000 rw-p 00000000 00:00 0 
716b00000-71ca00000 ---p 00000000 00:00 0 
71ca00000-71cf00000 rw-p 00000000 00:00 0 
71cf00000-71d000000 ---p 00000000 00:00 0 
71d000000-71d200000 rw-p 00000000 00:00 0 
71d200000-7ffe00000 ---p 00000000 00:00 0 
7ffe00000-7ffe49000 rw-p 0117f000 08:07 20451157                         /usr/lib/jvm/jdk-12.0.2/lib/server/classes.jsa
7ffe49000-7fff00000 rw-p 00000000 00:00 0 
7fff00000-7fff72000 rw-p 0110d000 08:07 20451157                         /usr/lib/jvm/jdk-12.0.2/lib/server/classes.jsa
7fff72000-800000000 rw-p 00000000 00:00 0 
800000000-800003000 rwxp 00001000 08:07 20451157                         /usr/lib/jvm/jdk-12.0.2/lib/server/classes.jsa
800003000-8003d0000 rw-p 00004000 08:07 20451157                         /usr/lib/jvm/jdk-12.0.2/lib/server/classes.jsa
8003d0000-800ad0000 r--p 003d1000 08:07 20451157                         /usr/lib/jvm/jdk-12.0.2/lib/server/classes.jsa
800ad0000-800ad1000 rw-p 00ad1000 08:07 20451157                         /usr/lib/jvm/jdk-12.0.2/lib/server/classes.jsa
800ad1000-80110c000 r--p 00ad2000 08:07 20451157                         /usr/lib/jvm/jdk-12.0.2/lib/server/classes.jsa
80110c000-80158c000 rw-p 00000000 00:00 0 
80158c000-84110c000 ---p 00000000 00:00 0 
7fc090000000-7fc090021000 rw-p 00000000 00:00 0 
7fc090021000-7fc094000000 ---p 00000000 00:00 0 
7fc098000000-7fc098021000 rw-p 00000000 00:00 0 
7fc098021000-7fc09c000000 ---p 00000000 00:00 0 
7fc09c000000-7fc09c021000 rw-p 00000000 00:00 0 
7fc09c021000-7fc0a0000000 ---p 00000000 00:00 0 
7fc0a0000000-7fc0a0021000 rw-p 00000000 00:00 0 
7fc0a0021000-7fc0a4000000 ---p 00000000 00:00 0 
7fc0a4000000-7fc0a4021000 rw-p 00000000 00:00 0 
7fc0a4021000-7fc0a8000000 ---p 00000000 00:00 0 
7fc0a8000000-7fc0a8021000 rw-p 00000000 00:00 0 
7fc0a8021000-7fc0ac000000 ---p 00000000 00:00 0 
7fc0ac000000-7fc0ac021000 rw-p 00000000 00:00 0 
7fc0ac021000-7fc0b0000000 ---p 00000000 00:00 0 
7fc0b0000000-7fc0b0021000 rw-p 00000000 00:00 0 
7fc0b0021000-7fc0b4000000 ---p 00000000 00:00 0 
7fc0b4000000-7fc0b4021000 rw-p 00000000 00:00 0 
7fc0b4021000-7fc0b8000000 ---p 00000000 00:00 0 
7fc0b8000000-7fc0b802a000 rw-p 00000000 00:00 0 
7fc0b802a000-7fc0bc000000 ---p 00000000 00:00 0 
7fc0bc000000-7fc0bc021000 rw-p 00000000 00:00 0 
7fc0bc021000-7fc0c0000000 ---p 00000000 00:00 0 
7fc0c0000000-7fc0c0021000 rw-p 00000000 00:00 0 
7fc0c0021000-7fc0c4000000 ---p 00000000 00:00 0 
7fc0c4000000-7fc0c4021000 rw-p 00000000 00:00 0 
7fc0c4021000-7fc0c8000000 ---p 00000000 00:00 0 
7fc0c8000000-7fc0c8083000 rw-p 00000000 00:00 0 
7fc0c8083000-7fc0cc000000 ---p 00000000 00:00 0 
7fc0cc000000-7fc0cc021000 rw-p 00000000 00:00 0 
7fc0cc021000-7fc0d0000000 ---p 00000000 00:00 0 
7fc0d0000000-7fc0d0021000 rw-p 00000000 00:00 0 
7fc0d0021000-7fc0d4000000 ---p 00000000 00:00 0 
7fc0d4000000-7fc0d4021000 rw-p 00000000 00:00 0 
7fc0d4021000-7fc0d8000000 ---p 00000000 00:00 0 
7fc0d8000000-7fc0d8021000 rw-p 00000000 00:00 0 
7fc0d8021000-7fc0dc000000 ---p 00000000 00:00 0 
7fc0dc000000-7fc0dc021000 rw-p 00000000 00:00 0 
7fc0dc021000-7fc0e0000000 ---p 00000000 00:00 0 
7fc0e0000000-7fc0e0021000 rw-p 00000000 00:00 0 
7fc0e0021000-7fc0e4000000 ---p 00000000 00:00 0 
7fc0e4000000-7fc0e4021000 rw-p 00000000 00:00 0 
7fc0e4021000-7fc0e8000000 ---p 00000000 00:00 0 
7fc0e8000000-7fc0e8021000 rw-p 00000000 00:00 0 
7fc0e8021000-7fc0ec000000 ---p 00000000 00:00 0 
7fc0ec000000-7fc0ec021000 rw-p 00000000 00:00 0 
7fc0ec021000-7fc0f0000000 ---p 00000000 00:00 0 
7fc0f0000000-7fc0f0021000 rw-p 00000000 00:00 0 
7fc0f0021000-7fc0f4000000 ---p 00000000 00:00 0 
7fc0f4000000-7fc0f403d000 rw-p 00000000 00:00 0 
7fc0f403d000-7fc0f8000000 ---p 00000000 00:00 0 
7fc0f8000000-7fc0f8021000 rw-p 00000000 00:00 0 
7fc0f8021000-7fc0fc000000 ---p 00000000 00:00 0 
7fc0fc000000-7fc0fc021000 rw-p 00000000 00:00 0 
7fc0fc021000-7fc100000000 ---p 00000000 00:00 0 
7fc100000000-7fc100021000 rw-p 00000000 00:00 0 
7fc100021000-7fc104000000 ---p 00000000 00:00 0 
7fc104a51000-7fc104e5e000 rw-p 00000000 00:00 0 
7fc104e5e000-7fc104fde000 ---p 00000000 00:00 0 
7fc104fde000-7fc1051de000 rw-p 00000000 00:00 0 
7fc1051de000-7fc1051e2000 ---p 00000000 00:00 0 
7fc1051e2000-7fc1052df000 rw-p 00000000 00:00 0 
7fc1052df000-7fc1052e3000 ---p 00000000 00:00 0 
7fc1052e3000-7fc1053e0000 rw-p 00000000 00:00 0 
7fc1053e0000-7fc1053e4000 ---p 00000000 00:00 0 
7fc1053e4000-7fc1054e1000 rw-p 00000000 00:00 0 
7fc1054e1000-7fc1054e5000 ---p 00000000 00:00 0 
7fc1054e5000-7fc1055e2000 rw-p 00000000 00:00 0 
7fc1055e2000-7fc1055e6000 ---p 00000000 00:00 0 
7fc1055e6000-7fc1056e3000 rw-p 00000000 00:00 0 
7fc1056e3000-7fc1056e7000 ---p 00000000 00:00 0 
7fc1056e7000-7fc1057e4000 rw-p 00000000 00:00 0 
7fc1057e4000-7fc1057e8000 ---p 00000000 00:00 0 
7fc1057e8000-7fc1058e5000 rw-p 00000000 00:00 0 
7fc1058e5000-7fc1058e9000 ---p 00000000 00:00 0 
7fc1058e9000-7fc1059e6000 rw-p 00000000 00:00 0 
7fc1059e6000-7fc1059ea000 ---p 00000000 00:00 0 
7fc1059ea000-7fc105ae7000 rw-p 00000000 00:00 0 
7fc105ae7000-7fc105aeb000 ---p 00000000 00:00 0 
7fc105aeb000-7fc105be8000 rw-p 00000000 00:00 0 
7fc105be8000-7fc105bec000 ---p 00000000 00:00 0 
7fc105bec000-7fc105ce9000 rw-p 00000000 00:00 0 
7fc105ce9000-7fc105ced000 ---p 00000000 00:00 0 
7fc105ced000-7fc105dea000 rw-p 00000000 00:00 0 
7fc105dea000-7fc105dee000 ---p 00000000 00:00 0 
7fc105dee000-7fc105eeb000 rw-p 00000000 00:00 0 
7fc105eeb000-7fc105eef000 ---p 00000000 00:00 0 
7fc105eef000-7fc105fec000 rw-p 00000000 00:00 0 
7fc105fec000-7fc105ff0000 ---p 00000000 00:00 0 
7fc105ff0000-7fc1060ed000 rw-p 00000000 00:00 0 
7fc1060ed000-7fc1060f1000 ---p 00000000 00:00 0 
7fc1060f1000-7fc1063ee000 rw-p 00000000 00:00 0 
7fc1063ee000-7fc1065ee000 rw-p 00000000 00:00 0 
7fc1065ee000-7fc1065f2000 ---p 00000000 00:00 0 
7fc1065f2000-7fc1066ef000 rw-p 00000000 00:00 0 
7fc1066ef000-7fc1066f3000 ---p 00000000 00:00 0 
7fc1066f3000-7fc1067f0000 rw-p 00000000 00:00 0 
7fc1067f0000-7fc1067f1000 ---p 00000000 00:00 0 
7fc1067f1000-7fc1068f2000 rw-p 00000000 00:00 0 
7fc1068f2000-7fc1068f6000 ---p 00000000 00:00 0 
7fc1068f6000-7fc106bf3000 rw-p 00000000 00:00 0 
7fc106bf3000-7fc106df3000 rw-p 00000000 00:00 0 
7fc106df3000-7fc106df7000 ---p 00000000 00:00 0 
7fc106df7000-7fc106ef4000 rw-p 00000000 00:00 0 
7fc106ef4000-7fc106ef8000 ---p 00000000 00:00 0 
7fc106ef8000-7fc106ff5000 rw-p 00000000 00:00 0 
7fc106ff5000-7fc106ff6000 ---p 00000000 00:00 0 
7fc106ff6000-7fc1072f7000 rw-p 00000000 00:00 0 
7fc1072f7000-7fc1072fb000 ---p 00000000 00:00 0 
7fc1072fb000-7fc1075f8000 rw-p 00000000 00:00 0 
7fc1075f8000-7fc1077f8000 rw-p 00000000 00:00 0 
7fc1077f8000-7fc1079f8000 rw-p 00000000 00:00 0 
7fc1079f8000-7fc107bf8000 rw-p 00000000 00:00 0 
7fc107bf8000-7fc107bf9000 ---p 00000000 00:00 0 
7fc107bf9000-7fc107cfa000 rw-p 00000000 00:00 0 
7fc107cfa000-7fc107cfb000 ---p 00000000 00:00 0 
7fc107cfb000-7fc107dfc000 rw-p 00000000 00:00 0 
7fc107dfc000-7fc107dfd000 ---p 00000000 00:00 0 
7fc107dfd000-7fc107efe000 rw-p 00000000 00:00 0 
7fc107efe000-7fc107eff000 ---p 00000000 00:00 0 
7fc107eff000-7fc108000000 rw-p 00000000 00:00 0 
7fc108000000-7fc1082fc000 rw-p 00000000 00:00 0 
7fc1082fc000-7fc10c000000 ---p 00000000 00:00 0 
7fc10c000000-7fc10c021000 rw-p 00000000 00:00 0 
7fc10c021000-7fc110000000 ---p 00000000 00:00 0 
7fc110000000-7fc110021000 rw-p 00000000 00:00 0 
7fc110021000-7fc114000000 ---p 00000000 00:00 0 
7fc114000000-7fc114021000 rw-p 00000000 00:00 0 
7fc114021000-7fc118000000 ---p 00000000 00:00 0 
7fc118000000-7fc118021000 rw-p 00000000 00:00 0 
7fc118021000-7fc11c000000 ---p 00000000 00:00 0 
7fc11c000000-7fc11c021000 rw-p 00000000 00:00 0 
7fc11c021000-7fc120000000 ---p 00000000 00:00 0 
7fc120000000-7fc120021000 rw-p 00000000 00:00 0 
7fc120021000-7fc124000000 ---p 00000000 00:00 0 
7fc124000000-7fc124021000 rw-p 00000000 00:00 0 
7fc124021000-7fc128000000 ---p 00000000 00:00 0 
7fc128000000-7fc128021000 rw-p 00000000 00:00 0 
7fc128021000-7fc12c000000 ---p 00000000 00:00 0 
7fc12c000000-7fc12c52a000 rw-p 00000000 00:00 0 
7fc12c52a000-7fc130000000 ---p 00000000 00:00 0 
7fc130000000-7fc130021000 rw-p 00000000 00:00 0 
7fc130021000-7fc134000000 ---p 00000000 00:00 0 
7fc134000000-7fc134021000 rw-p 00000000 00:00 0 
7fc134021000-7fc138000000 ---p 00000000 00:00 0 
7fc138000000-7fc138021000 rw-p 00000000 00:00 0 
7fc138021000-7fc13c000000 ---p 00000000 00:00 0 
7fc13c000000-7fc13c0bd000 rw-p 00000000 00:00 0 
7fc13c0bd000-7fc140000000 ---p 00000000 00:00 0 
7fc140000000-7fc140021000 rw-p 00000000 00:00 0 
7fc140021000-7fc144000000 ---p 00000000 00:00 0 
7fc14408b000-7fc14408c000 ---p 00000000 00:00 0 
7fc14408c000-7fc14418d000 rw-p 00000000 00:00 0 
7fc14418d000-7fc144191000 ---p 00000000 00:00 0 
7fc144191000-7fc14428e000 rw-p 00000000 00:00 0 
7fc14428e000-7fc14428f000 ---p 00000000 00:00 0 
7fc14428f000-7fc144390000 rw-p 00000000 00:00 0 
7fc144390000-7fc144394000 ---p 00000000 00:00 0 
7fc144394000-7fc144491000 rw-p 00000000 00:00 0 
7fc144491000-7fc144496000 r-xp 00000000 08:07 20451142                   /usr/lib/jvm/jdk-12.0.2/lib/libmanagement_ext.so
7fc144496000-7fc144695000 ---p 00005000 08:07 20451142                   /usr/lib/jvm/jdk-12.0.2/lib/libmanagement_ext.so
7fc144695000-7fc144696000 r--p 00004000 08:07 20451142                   /usr/lib/jvm/jdk-12.0.2/lib/libmanagement_ext.so
7fc144696000-7fc144697000 rw-p 00005000 08:07 20451142                   /usr/lib/jvm/jdk-12.0.2/lib/libmanagement_ext.so
7fc144697000-7fc14469b000 r-xp 00000000 08:07 20451164                   /usr/lib/jvm/jdk-12.0.2/lib/libmanagement.so
7fc14469b000-7fc14489a000 ---p 00004000 08:07 20451164                   /usr/lib/jvm/jdk-12.0.2/lib/libmanagement.so
7fc14489a000-7fc14489b000 r--p 00003000 08:07 20451164                   /usr/lib/jvm/jdk-12.0.2/lib/libmanagement.so
7fc14489b000-7fc14489c000 rw-p 00004000 08:07 20451164                   /usr/lib/jvm/jdk-12.0.2/lib/libmanagement.so
7fc14489c000-7fc14489e000 r-xp 00000000 08:07 20451121                   /usr/lib/jvm/jdk-12.0.2/lib/libextnet.so
7fc14489e000-7fc144a9d000 ---p 00002000 08:07 20451121                   /usr/lib/jvm/jdk-12.0.2/lib/libextnet.so
7fc144a9d000-7fc144a9e000 r--p 00001000 08:07 20451121                   /usr/lib/jvm/jdk-12.0.2/lib/libextnet.so
7fc144a9e000-7fc144a9f000 rw-p 00002000 08:07 20451121                   /usr/lib/jvm/jdk-12.0.2/lib/libextnet.so
7fc144a9f000-7fc144aa3000 ---p 00000000 00:00 0 
7fc144aa3000-7fc144ba0000 rw-p 00000000 00:00 0 
7fc144ba0000-7fc144ba4000 ---p 00000000 00:00 0 
7fc144ba4000-7fc144ca1000 rw-p 00000000 00:00 0 
7fc144ca1000-7fc144cb7000 r-xp 00000000 08:07 20451119                   /usr/lib/jvm/jdk-12.0.2/lib/libnet.so
7fc144cb7000-7fc144eb7000 ---p 00016000 08:07 20451119                   /usr/lib/jvm/jdk-12.0.2/lib/libnet.so
7fc144eb7000-7fc144eb8000 r--p 00016000 08:07 20451119                   /usr/lib/jvm/jdk-12.0.2/lib/libnet.so
7fc144eb8000-7fc144eb9000 rw-p 00017000 08:07 20451119                   /usr/lib/jvm/jdk-12.0.2/lib/libnet.so
7fc144eb9000-7fc144eca000 r-xp 00000000 08:07 20451120                   /usr/lib/jvm/jdk-12.0.2/lib/libnio.so
7fc144eca000-7fc1450c9000 ---p 00011000 08:07 20451120                   /usr/lib/jvm/jdk-12.0.2/lib/libnio.so
7fc1450c9000-7fc1450ca000 r--p 00010000 08:07 20451120                   /usr/lib/jvm/jdk-12.0.2/lib/libnio.so
7fc1450ca000-7fc1450cb000 rw-p 00011000 08:07 20451120                   /usr/lib/jvm/jdk-12.0.2/lib/libnio.so
7fc1450cb000-7fc1450cf000 ---p 00000000 00:00 0 
7fc1450cf000-7fc1451cc000 rw-p 00000000 00:00 0 
7fc1451cc000-7fc1451d0000 ---p 00000000 00:00 0 
7fc1451d0000-7fc1452cd000 rw-p 00000000 00:00 0 
7fc1452cd000-7fc1452d1000 ---p 00000000 00:00 0 
7fc1452d1000-7fc1453ce000 rw-p 00000000 00:00 0 
7fc1453ce000-7fc1453d2000 ---p 00000000 00:00 0 
7fc1453d2000-7fc1454cf000 rw-p 00000000 00:00 0 
7fc1454cf000-7fc146000000 r--p 00000000 08:07 20060787                   /usr/lib/locale/locale-archive
7fc146000000-7fc148000000 rw-p 00000000 00:00 0 
7fc148000000-7fc148021000 rw-p 00000000 00:00 0 
7fc148021000-7fc14c000000 ---p 00000000 00:00 0 
7fc14c000000-7fc14c021000 rw-p 00000000 00:00 0 
7fc14c021000-7fc150000000 ---p 00000000 00:00 0 
7fc150000000-7fc150021000 rw-p 00000000 00:00 0 
7fc150021000-7fc154000000 ---p 00000000 00:00 0 
7fc1540e0000-7fc1540e4000 ---p 00000000 00:00 0 
7fc1540e4000-7fc1541e1000 rw-p 00000000 00:00 0 
7fc1541e1000-7fc1541e5000 ---p 00000000 00:00 0 
7fc1541e5000-7fc1542e2000 rw-p 00000000 00:00 0 
7fc1542e2000-7fc1542e3000 ---p 00000000 00:00 0 
7fc1542e3000-7fc154c65000 rw-p 00000000 00:00 0 
7fc154c65000-7fc154c66000 ---p 00000000 00:00 0 
7fc154c66000-7fc154d67000 rw-p 00000000 00:00 0 
7fc154d67000-7fc154d68000 ---p 00000000 00:00 0 
7fc154d68000-7fc1554a1000 rw-p 00000000 00:00 0 
7fc1554a1000-7fc15561d000 ---p 00000000 00:00 0 
7fc15561d000-7fc155631000 rw-p 00000000 00:00 0 
7fc155631000-7fc155635000 ---p 00000000 00:00 0 
7fc155635000-7fc15563d000 rw-p 00000000 00:00 0 
7fc15563d000-7fc158eed000 ---p 00000000 00:00 0 
7fc158eed000-7fc159129000 rw-p 00000000 00:00 0 
7fc159129000-7fc1592a5000 ---p 00000000 00:00 0 
7fc1592a5000-7fc1592b9000 rw-p 00000000 00:00 0 
7fc1592b9000-7fc1592bd000 ---p 00000000 00:00 0 
7fc1592bd000-7fc1592c5000 rw-p 00000000 00:00 0 
7fc1592c5000-7fc15cb75000 ---p 00000000 00:00 0 
7fc15cb75000-7fc15cb7d000 rw-p 00000000 00:00 0 
7fc15cb7d000-7fc15cded000 rwxp 00000000 00:00 0 
7fc15cded000-7fc15d2b1000 ---p 00000000 00:00 0 
7fc15d2b1000-7fc15d931000 rwxp 00000000 00:00 0 
7fc15d931000-7fc16bb7d000 ---p 00000000 00:00 0 
7fc16bb7d000-7fc174000000 r--s 00000000 08:07 20451144                   /usr/lib/jvm/jdk-12.0.2/lib/modules
7fc174000000-7fc174d1d000 rw-p 00000000 00:00 0 
7fc174d1d000-7fc178000000 ---p 00000000 00:00 0 
7fc17805d000-7fc178461000 rw-p 00000000 00:00 0 
7fc178461000-7fc178462000 ---p 00000000 00:00 0 
7fc178462000-7fc178563000 rw-p 00000000 00:00 0 
7fc178563000-7fc178564000 ---p 00000000 00:00 0 
7fc178564000-7fc178665000 rw-p 00000000 00:00 0 
7fc178665000-7fc178666000 ---p 00000000 00:00 0 
7fc178666000-7fc1788a8000 rw-p 00000000 00:00 0 
7fc1788a8000-7fc1788d7000 ---p 00000000 00:00 0 
7fc1788d7000-7fc1788db000 rw-p 00000000 00:00 0 
7fc1788db000-7fc178ff1000 ---p 00000000 00:00 0 
7fc178ff1000-7fc179039000 rw-p 00000000 00:00 0 
7fc179039000-7fc179068000 ---p 00000000 00:00 0 
7fc179068000-7fc17906c000 rw-p 00000000 00:00 0 
7fc17906c000-7fc179782000 ---p 00000000 00:00 0 
7fc179782000-7fc1797ca000 rw-p 00000000 00:00 0 
7fc1797ca000-7fc1797f9000 ---p 00000000 00:00 0 
7fc1797f9000-7fc1797fd000 rw-p 00000000 00:00 0 
7fc1797fd000-7fc179f13000 ---p 00000000 00:00 0 
7fc179f13000-7fc17a729000 rw-p 00000000 00:00 0 
7fc17a729000-7fc17a8ee000 ---p 00000000 00:00 0 
7fc17a8ee000-7fc17a909000 r-xp 00000000 08:07 20451141                   /usr/lib/jvm/jdk-12.0.2/lib/libjimage.so
7fc17a909000-7fc17ab08000 ---p 0001b000 08:07 20451141                   /usr/lib/jvm/jdk-12.0.2/lib/libjimage.so
7fc17ab08000-7fc17ab0a000 r--p 0001a000 08:07 20451141                   /usr/lib/jvm/jdk-12.0.2/lib/libjimage.so
7fc17ab0a000-7fc17ab0b000 rw-p 0001c000 08:07 20451141                   /usr/lib/jvm/jdk-12.0.2/lib/libjimage.so
7fc17ab0b000-7fc17ab12000 r-xp 00000000 08:07 20451136                   /usr/lib/jvm/jdk-12.0.2/lib/libzip.so
7fc17ab12000-7fc17ad11000 ---p 00007000 08:07 20451136                   /usr/lib/jvm/jdk-12.0.2/lib/libzip.so
7fc17ad11000-7fc17ad12000 r--p 00006000 08:07 20451136                   /usr/lib/jvm/jdk-12.0.2/lib/libzip.so
7fc17ad12000-7fc17ad13000 rw-p 00007000 08:07 20451136                   /usr/lib/jvm/jdk-12.0.2/lib/libzip.so
7fc17ad13000-7fc17ad1e000 r-xp 00000000 08:07 791314                     /lib/x86_64-linux-gnu/libnss_files-2.27.so
7fc17ad1e000-7fc17af1d000 ---p 0000b000 08:07 791314                     /lib/x86_64-linux-gnu/libnss_files-2.27.so
7fc17af1d000-7fc17af1e000 r--p 0000a000 08:07 791314                     /lib/x86_64-linux-gnu/libnss_files-2.27.so
7fc17af1e000-7fc17af1f000 rw-p 0000b000 08:07 791314                     /lib/x86_64-linux-gnu/libnss_files-2.27.so
7fc17af1f000-7fc17af25000 rw-p 00000000 00:00 0 
7fc17af25000-7fc17af3c000 r-xp 00000000 08:07 791308                     /lib/x86_64-linux-gnu/libnsl-2.27.so
7fc17af3c000-7fc17b13b000 ---p 00017000 08:07 791308                     /lib/x86_64-linux-gnu/libnsl-2.27.so
7fc17b13b000-7fc17b13c000 r--p 00016000 08:07 791308                     /lib/x86_64-linux-gnu/libnsl-2.27.so
7fc17b13c000-7fc17b13d000 rw-p 00017000 08:07 791308                     /lib/x86_64-linux-gnu/libnsl-2.27.so
7fc17b13d000-7fc17b13f000 rw-p 00000000 00:00 0 
7fc17b13f000-7fc17b14a000 r-xp 00000000 08:07 791325                     /lib/x86_64-linux-gnu/libnss_nis-2.27.so
7fc17b14a000-7fc17b349000 ---p 0000b000 08:07 791325                     /lib/x86_64-linux-gnu/libnss_nis-2.27.so
7fc17b349000-7fc17b34a000 r--p 0000a000 08:07 791325                     /lib/x86_64-linux-gnu/libnss_nis-2.27.so
7fc17b34a000-7fc17b34b000 rw-p 0000b000 08:07 791325                     /lib/x86_64-linux-gnu/libnss_nis-2.27.so
7fc17b34b000-7fc17b353000 r-xp 00000000 08:07 791310                     /lib/x86_64-linux-gnu/libnss_compat-2.27.so
7fc17b353000-7fc17b553000 ---p 00008000 08:07 791310                     /lib/x86_64-linux-gnu/libnss_compat-2.27.so
7fc17b553000-7fc17b554000 r--p 00008000 08:07 791310                     /lib/x86_64-linux-gnu/libnss_compat-2.27.so
7fc17b554000-7fc17b555000 rw-p 00009000 08:07 791310                     /lib/x86_64-linux-gnu/libnss_compat-2.27.so
7fc17b555000-7fc17b55f000 r-xp 00000000 08:07 20451111                   /usr/lib/jvm/jdk-12.0.2/lib/libinstrument.so
7fc17b55f000-7fc17b75e000 ---p 0000a000 08:07 20451111                   /usr/lib/jvm/jdk-12.0.2/lib/libinstrument.so
7fc17b75e000-7fc17b75f000 r--p 00009000 08:07 20451111                   /usr/lib/jvm/jdk-12.0.2/lib/libinstrument.so
7fc17b75f000-7fc17b760000 rw-p 0000a000 08:07 20451111                   /usr/lib/jvm/jdk-12.0.2/lib/libinstrument.so
7fc17b760000-7fc17b788000 r-xp 00000000 08:07 20451151                   /usr/lib/jvm/jdk-12.0.2/lib/libjava.so
7fc17b788000-7fc17b987000 ---p 00028000 08:07 20451151                   /usr/lib/jvm/jdk-12.0.2/lib/libjava.so
7fc17b987000-7fc17b988000 r--p 00027000 08:07 20451151                   /usr/lib/jvm/jdk-12.0.2/lib/libjava.so
7fc17b988000-7fc17b98a000 rw-p 00028000 08:07 20451151                   /usr/lib/jvm/jdk-12.0.2/lib/libjava.so
7fc17b98a000-7fc17b997000 r-xp 00000000 08:07 20451148                   /usr/lib/jvm/jdk-12.0.2/lib/libverify.so
7fc17b997000-7fc17bb96000 ---p 0000d000 08:07 20451148                   /usr/lib/jvm/jdk-12.0.2/lib/libverify.so
7fc17bb96000-7fc17bb98000 r--p 0000c000 08:07 20451148                   /usr/lib/jvm/jdk-12.0.2/lib/libverify.so
7fc17bb98000-7fc17bb99000 rw-p 0000e000 08:07 20451148                   /usr/lib/jvm/jdk-12.0.2/lib/libverify.so
7fc17bb99000-7fc17bba0000 r-xp 00000000 08:07 791365                     /lib/x86_64-linux-gnu/librt-2.27.so
7fc17bba0000-7fc17bd9f000 ---p 00007000 08:07 791365                     /lib/x86_64-linux-gnu/librt-2.27.so
7fc17bd9f000-7fc17bda0000 r--p 00006000 08:07 791365                     /lib/x86_64-linux-gnu/librt-2.27.so
7fc17bda0000-7fc17bda1000 rw-p 00007000 08:07 791365                     /lib/x86_64-linux-gnu/librt-2.27.so
7fc17bda1000-7fc17bf3e000 r-xp 00000000 08:07 791287                     /lib/x86_64-linux-gnu/libm-2.27.so
7fc17bf3e000-7fc17c13d000 ---p 0019d000 08:07 791287                     /lib/x86_64-linux-gnu/libm-2.27.so
7fc17c13d000-7fc17c13e000 r--p 0019c000 08:07 791287                     /lib/x86_64-linux-gnu/libm-2.27.so
7fc17c13e000-7fc17c13f000 rw-p 0019d000 08:07 791287                     /lib/x86_64-linux-gnu/libm-2.27.so
7fc17c13f000-7fc17d2a2000 r-xp 00000000 08:07 20451158                   /usr/lib/jvm/jdk-12.0.2/lib/server/libjvm.so
7fc17d2a2000-7fc17d4a2000 ---p 01163000 08:07 20451158                   /usr/lib/jvm/jdk-12.0.2/lib/server/libjvm.so
7fc17d4a2000-7fc17d563000 r--p 01163000 08:07 20451158                   /usr/lib/jvm/jdk-12.0.2/lib/server/libjvm.so
7fc17d563000-7fc17d59c000 rw-p 01224000 08:07 20451158                   /usr/lib/jvm/jdk-12.0.2/lib/server/libjvm.so
7fc17d59c000-7fc17d61f000 rw-p 00000000 00:00 0 
7fc17d61f000-7fc17d806000 r-xp 00000000 08:07 791224                     /lib/x86_64-linux-gnu/libc-2.27.so
7fc17d806000-7fc17da06000 ---p 001e7000 08:07 791224                     /lib/x86_64-linux-gnu/libc-2.27.so
7fc17da06000-7fc17da0a000 r--p 001e7000 08:07 791224                     /lib/x86_64-linux-gnu/libc-2.27.so
7fc17da0a000-7fc17da0c000 rw-p 001eb000 08:07 791224                     /lib/x86_64-linux-gnu/libc-2.27.so
7fc17da0c000-7fc17da10000 rw-p 00000000 00:00 0 
7fc17da10000-7fc17da13000 r-xp 00000000 08:07 791247                     /lib/x86_64-linux-gnu/libdl-2.27.so
7fc17da13000-7fc17dc12000 ---p 00003000 08:07 791247                     /lib/x86_64-linux-gnu/libdl-2.27.so
7fc17dc12000-7fc17dc13000 r--p 00002000 08:07 791247                     /lib/x86_64-linux-gnu/libdl-2.27.so
7fc17dc13000-7fc17dc14000 rw-p 00003000 08:07 791247                     /lib/x86_64-linux-gnu/libdl-2.27.so
7fc17dc14000-7fc17dc2e000 r-xp 00000000 08:07 791357                     /lib/x86_64-linux-gnu/libpthread-2.27.so
7fc17dc2e000-7fc17de2d000 ---p 0001a000 08:07 791357                     /lib/x86_64-linux-gnu/libpthread-2.27.so
7fc17de2d000-7fc17de2e000 r--p 00019000 08:07 791357                     /lib/x86_64-linux-gnu/libpthread-2.27.so
7fc17de2e000-7fc17de2f000 rw-p 0001a000 08:07 791357                     /lib/x86_64-linux-gnu/libpthread-2.27.so
7fc17de2f000-7fc17de33000 rw-p 00000000 00:00 0 
7fc17de33000-7fc17de43000 r-xp 00000000 08:07 20451114                   /usr/lib/jvm/jdk-12.0.2/lib/libjli.so
7fc17de43000-7fc17e042000 ---p 00010000 08:07 20451114                   /usr/lib/jvm/jdk-12.0.2/lib/libjli.so
7fc17e042000-7fc17e043000 r--p 0000f000 08:07 20451114                   /usr/lib/jvm/jdk-12.0.2/lib/libjli.so
7fc17e043000-7fc17e044000 rw-p 00010000 08:07 20451114                   /usr/lib/jvm/jdk-12.0.2/lib/libjli.so
7fc17e044000-7fc17e060000 r-xp 00000000 08:07 791396                     /lib/x86_64-linux-gnu/libz.so.1.2.11
7fc17e060000-7fc17e25f000 ---p 0001c000 08:07 791396                     /lib/x86_64-linux-gnu/libz.so.1.2.11
7fc17e25f000-7fc17e260000 r--p 0001b000 08:07 791396                     /lib/x86_64-linux-gnu/libz.so.1.2.11
7fc17e260000-7fc17e261000 rw-p 0001c000 08:07 791396                     /lib/x86_64-linux-gnu/libz.so.1.2.11
7fc17e261000-7fc17e288000 r-xp 00000000 08:07 791196                     /lib/x86_64-linux-gnu/ld-2.27.so
7fc17e2c3000-7fc17e364000 rw-p 00000000 00:00 0 
7fc17e364000-7fc17e36e000 ---p 00000000 00:00 0 
7fc17e36e000-7fc17e372000 ---p 00000000 00:00 0 
7fc17e372000-7fc17e473000 rw-p 00000000 00:00 0 
7fc17e47d000-7fc17e485000 rw-s 00000000 08:07 17041094                   /tmp/hsperfdata_okankgz/28315
7fc17e485000-7fc17e486000 ---p 00000000 00:00 0 
7fc17e486000-7fc17e487000 r--p 00000000 00:00 0 
7fc17e487000-7fc17e488000 ---p 00000000 00:00 0 
7fc17e488000-7fc17e489000 r--p 00027000 08:07 791196                     /lib/x86_64-linux-gnu/ld-2.27.so
7fc17e489000-7fc17e48a000 rw-p 00028000 08:07 791196                     /lib/x86_64-linux-gnu/ld-2.27.so
7fc17e48a000-7fc17e48b000 rw-p 00000000 00:00 0 
7ffc14179000-7ffc1419b000 rw-p 00000000 00:00 0                          [stack]
7ffc141d8000-7ffc141db000 r--p 00000000 00:00 0                          [vvar]
7ffc141db000-7ffc141dd000 r-xp 00000000 00:00 0                          [vdso]
ffffffffff600000-ffffffffff601000 r-xp 00000000 00:00 0                  [vsyscall]


VM Arguments:
jvm_args: -XX:TieredStopAtLevel=1 -Xverify:none -Dspring.output.ansi.enabled=always -Dcom.sun.management.jmxremote -Dspring.jmx.enabled=true -Dspring.liveBeansView.mbeanDomain -Dspring.application.admin.enabled=true -javaagent:/snap/intellij-idea-ultimate/148/lib/idea_rt.jar=44871:/snap/intellij-idea-ultimate/148/bin -Dfile.encoding=UTF-8 
java_command: com.deneme.mainTest.MainTestApplication
java_class_path (initial): /home/okankgz/Desktop/mainTest/target/classes:/home/okankgz/.m2/repository/org/springframework/boot/spring-boot-starter-web/2.1.6.RELEASE/spring-boot-starter-web-2.1.6.RELEASE.jar:/home/okankgz/.m2/repository/org/springframework/boot/spring-boot-starter/2.1.6.RELEASE/spring-boot-starter-2.1.6.RELEASE.jar:/home/okankgz/.m2/repository/org/springframework/boot/spring-boot/2.1.6.RELEASE/spring-boot-2.1.6.RELEASE.jar:/home/okankgz/.m2/repository/org/springframework/boot/spring-boot-autoconfigure/2.1.6.RELEASE/spring-boot-autoconfigure-2.1.6.RELEASE.jar:/home/okankgz/.m2/repository/org/springframework/boot/spring-boot-starter-logging/2.1.6.RELEASE/spring-boot-starter-logging-2.1.6.RELEASE.jar:/home/okankgz/.m2/repository/ch/qos/logback/logback-classic/1.2.3/logback-classic-1.2.3.jar:/home/okankgz/.m2/repository/ch/qos/logback/logback-core/1.2.3/logback-core-1.2.3.jar:/home/okankgz/.m2/repository/org/apache/logging/log4j/log4j-to-slf4j/2.11.2/log4j-to-slf4j-2.11.2.jar:/home/okankgz/.m2/repository/org/apache/logging/log4j/log4j-api/2.11.2/log4j-api-2.11.2.jar:/home/okankgz/.m2/repository/org/slf4j/jul-to-slf4j/1.7.26/jul-to-slf4j-1.7.26.jar:/home/okankgz/.m2/repository/javax/annotation/javax.annotation-api/1.3.2/javax.annotation-api-1.3.2.jar:/home/okankgz/.m2/repository/org/yaml/snakeyaml/1.23/snakeyaml-1.23.jar:/home/okankgz/.m2/repository/org/springframework/boot/spring-boot-starter-json/2.1.6.RELEASE/spring-boot-starter-json-2.1.6.RELEASE.jar:/home/okankgz/.m2/repository/com/fasterxml/jackson/core/jackson-databind/2.9.9/jackson-databind-2.9.9.jar:/home/okankgz/.m2/repository/com/fasterxml/jackson/core/jackson-annotations/2.9.0/jackson-annotations-2.9.0.jar:/home/okankgz/.m2/repository/com/fasterxml/jackson/core/jackson-core/2.9.9/jackson-core-2.9.9.jar:/home/okankgz/.m2/repository/com/fasterxml/jackson/datatype/jackson-datatype-jdk8/2.9.9/jackson-datatype-jdk8-2.9.9.jar:/home/okankgz/.m2/repository/com/fasterxml/jackson/datatype/jackson-data
Launcher Type: SUN_STANDARD

[Global flags]
     bool BytecodeVerificationLocal                = false                                     {product} {command line}
     bool BytecodeVerificationRemote               = false                                     {product} {command line}
     intx CICompilerCount                          = 4                                         {product} {ergonomic}
     uint ConcGCThreads                            = 2                                         {product} {ergonomic}
     uint G1ConcRefinementThreads                  = 8                                         {product} {ergonomic}
   size_t G1HeapRegionSize                         = 1048576                                   {product} {ergonomic}
    uintx GCDrainStackTargetSize                   = 64                                        {product} {ergonomic}
   size_t InitialHeapSize                          = 255852544                                 {product} {ergonomic}
     bool ManagementServer                         = true                                      {product} {command line}
   size_t MarkStackSize                            = 4194304                                   {product} {ergonomic}
   size_t MaxHeapSize                              = 4062183424                                {product} {ergonomic}
   size_t MaxNewSize                               = 2436890624                                {product} {ergonomic}
   size_t MinHeapDeltaBytes                        = 1048576                                   {product} {ergonomic}
    uintx NonNMethodCodeHeapSize                   = 7549744                                {pd product} {ergonomic}
    uintx NonProfiledCodeHeapSize                  = 244108496                              {pd product} {ergonomic}
    uintx ProfiledCodeHeapSize                     = 0                                      {pd product} {ergonomic}
    uintx ReservedCodeCacheSize                    = 251658240                              {pd product} {ergonomic}
     bool SegmentedCodeCache                       = true                                      {product} {ergonomic}
     intx TieredStopAtLevel                        = 1                                         {product} {command line}
     bool UseCompressedClassPointers               = true                                 {lp64_product} {ergonomic}
     bool UseCompressedOops                        = true                                 {lp64_product} {ergonomic}
     bool UseG1GC                                  = true                                      {product} {ergonomic}

Logging:
Log output configuration:
 #0: stdout all=warning uptime,level,tags
 #1: stderr all=off uptime,level,tags

Environment Variables:
PATH=/usr/local/sbin:/usr/local/bin:/usr/sbin:/usr/bin:/sbin:/bin:/usr/games:/usr/local/games:/snap/bin
USERNAME=okankgz
SHELL=/bin/bash
DISPLAY=:0

Signal Handlers:
SIGSEGV: [libjvm.so+0xe44380], sa_mask[0]=11111111011111111101111111111110, sa_flags=SA_RESTART|SA_SIGINFO
SIGBUS: [libjvm.so+0xe44380], sa_mask[0]=11111111011111111101111111111110, sa_flags=SA_RESTART|SA_SIGINFO
SIGFPE: [libjvm.so+0xe44380], sa_mask[0]=11111111011111111101111111111110, sa_flags=SA_RESTART|SA_SIGINFO
SIGPIPE: [libjvm.so+0xbf3e70], sa_mask[0]=11111111011111111101111111111110, sa_flags=SA_RESTART|SA_SIGINFO
SIGXFSZ: [libjvm.so+0xbf3e70], sa_mask[0]=11111111011111111101111111111110, sa_flags=SA_RESTART|SA_SIGINFO
SIGILL: [libjvm.so+0xe44380], sa_mask[0]=11111111011111111101111111111110, sa_flags=SA_RESTART|SA_SIGINFO
SIGUSR2: [libjvm.so+0xbf3d10], sa_mask[0]=00100000000000000000000000000000, sa_flags=SA_RESTART|SA_SIGINFO
SIGHUP: [libjvm.so+0xbf4070], sa_mask[0]=11111111011111111101111111111110, sa_flags=SA_RESTART|SA_SIGINFO
SIGINT: [libjvm.so+0xbf4070], sa_mask[0]=11111111011111111101111111111110, sa_flags=SA_RESTART|SA_SIGINFO
SIGTERM: [libjvm.so+0xbf4070], sa_mask[0]=11111111011111111101111111111110, sa_flags=SA_RESTART|SA_SIGINFO
SIGQUIT: [libjvm.so+0xbf4070], sa_mask[0]=11111111011111111101111111111110, sa_flags=SA_RESTART|SA_SIGINFO


---------------  S Y S T E M  ---------------

OS:DISTRIB_ID=Ubuntu
DISTRIB_RELEASE=18.04
DISTRIB_CODENAME=bionic
DISTRIB_DESCRIPTION="Ubuntu 18.04.2 LTS"
uname:Linux 4.18.0-25-generic #26~18.04.1-Ubuntu SMP Thu Jun 27 07:28:31 UTC 2019 x86_64
libc:glibc 2.27 NPTL 2.27 
rlimit: STACK 8192k, CORE 0k, NPROC 61554, NOFILE 1048576, AS infinity, DATA infinity, FSIZE infinity
load average:0,58 0,18 0,12

/proc/meminfo:
MemTotal:       15861152 kB
MemFree:         1411916 kB
MemAvailable:   10102932 kB
Buffers:          755888 kB
Cached:          8528748 kB
SwapCached:            0 kB
Active:          7475068 kB
Inactive:        6205216 kB
Active(anon):    4398012 kB
Inactive(anon):   694576 kB
Active(file):    3077056 kB
Inactive(file):  5510640 kB
Unevictable:          52 kB
Mlocked:              52 kB
SwapTotal:       9766908 kB
SwapFree:        9766908 kB
Dirty:              1488 kB
Writeback:             0 kB
AnonPages:       4395380 kB
Mapped:           878316 kB
Shmem:            696832 kB
Slab:             520004 kB
SReclaimable:     436888 kB
SUnreclaim:        83116 kB
KernelStack:       22440 kB
PageTables:        83304 kB
NFS_Unstable:          0 kB
Bounce:                0 kB
WritebackTmp:          0 kB
CommitLimit:    17697484 kB
Committed_AS:   12682092 kB
VmallocTotal:   34359738367 kB
VmallocUsed:           0 kB
VmallocChunk:          0 kB
HardwareCorrupted:     0 kB
AnonHugePages:         0 kB
ShmemHugePages:        0 kB
ShmemPmdMapped:        0 kB
CmaTotal:              0 kB
CmaFree:               0 kB
HugePages_Total:       0
HugePages_Free:        0
HugePages_Rsvd:        0
HugePages_Surp:        0
Hugepagesize:       2048 kB
Hugetlb:               0 kB
DirectMap4k:      439728 kB
DirectMap2M:    11571200 kB
DirectMap1G:     4194304 kB


/proc/sys/kernel/threads-max (system-wide limit on the number of threads):
123108


/proc/sys/vm/max_map_count (maximum number of memory map areas a process may have):
65530


/proc/sys/kernel/pid_max (system-wide limit on number of process identifiers):
32768



container (cgroup) information:
container_type: cgroupv1
cpu_cpuset_cpus: 0-7
cpu_memory_nodes: 0
active_processor_count: 8
cpu_quota: -1
cpu_period: 100000
cpu_shares: -1
memory_limit_in_bytes: -1
memory_and_swap_limit_in_bytes: -2
memory_soft_limit_in_bytes: -1
memory_usage_in_bytes: 14008045568
memory_max_usage_in_bytes: 0


CPU:total 8 (initial active 8) (4 cores per cpu, 2 threads per core) family 6 model 60 stepping 3, cmov, cx8, fxsr, mmx, sse, sse2, sse3, ssse3, sse4.1, sse4.2, popcnt, avx, avx2, aes, clmul, erms, lzcnt, ht, tsc, tscinvbit, bmi1, bmi2, fma
CPU Model and flags from /proc/cpuinfo:
model name	: Intel(R) Core(TM) i7-4720HQ CPU @ 2.60GHz
flags		: fpu vme de pse tsc msr pae mce cx8 apic sep mtrr pge mca cmov pat pse36 clflush dts acpi mmx fxsr sse sse2 ss ht tm pbe syscall nx pdpe1gb rdtscp lm constant_tsc arch_perfmon pebs bts rep_good nopl xtopology nonstop_tsc cpuid aperfmperf pni pclmulqdq dtes64 monitor ds_cpl vmx est tm2 ssse3 sdbg fma cx16 xtpr pdcm pcid sse4_1 sse4_2 x2apic movbe popcnt tsc_deadline_timer aes xsave avx f16c rdrand lahf_lm abm cpuid_fault epb invpcid_single pti ssbd ibrs ibpb stibp tpr_shadow vnmi flexpriority ept vpid fsgsbase tsc_adjust bmi1 avx2 smep bmi2 erms invpcid xsaveopt dtherm ida arat pln pts md_clear flush_l1d

Memory: 4k page, physical 15861152k(1411916k free), swap 9766908k(9766908k free)

vm_info: Java HotSpot(TM) 64-Bit Server VM (12.0.2+10) for linux-amd64 JRE (12.0.2+10), built on Jul 16 2019 00:56:35 by "mach5one" with gcc 7.3.0

END.
